
[2026-04-13T22:43:21.248Z] ERROR in GET /api/admin/locations:
PrismaClientValidationError: 
Invalid `prisma.location.findMany()` invocation:

{
  where: {
    active: true,
    ~~~~~~
?   AND?: LocationWhereInput | LocationWhereInput[],
?   OR?: LocationWhereInput[],
?   NOT?: LocationWhereInput | LocationWhereInput[],
?   id?: StringFilter | String,
?   name?: StringFilter | String,
?   address?: StringFilter | String,
?   references?: StringNullableFilter | String | Null,
?   spaceType?: StringNullableFilter | String | Null,
?   logisticsNotes?: StringNullableFilter | String | Null,
?   city?: StringNullableFilter | String | Null,
?   state?: StringNullableFilter | String | Null,
?   mapsLink?: StringNullableFilter | String | Null,
?   events?: EventListRelationFilter,
?   rehearsals?: RehearsalListRelationFilter
  },
  orderBy: {
    name: "asc"
  }
}

Unknown argument `active`. Available options are marked with ?.
    at ar (/Users/vonpeper/Documents/Antigravity/Vendetta/node_modules/@prisma/client/runtime/client.js:10:1374)
    at Gr.handleRequestError (/Users/vonpeper/Documents/Antigravity/Vendetta/node_modules/@prisma/client/runtime/client.js:65:7929)
    at Gr.handleAndLogRequestError (/Users/vonpeper/Documents/Antigravity/Vendetta/node_modules/@prisma/client/runtime/client.js:65:7581)
    at Gr.request (/Users/vonpeper/Documents/Antigravity/Vendetta/node_modules/@prisma/client/runtime/client.js:65:7288)
    at async a (/Users/vonpeper/Documents/Antigravity/Vendetta/node_modules/@prisma/client/runtime/client.js:75:6730)
    at async GET (/Users/vonpeper/Documents/Antigravity/Vendetta/.next/dev/server/chunks/[root-of-the-server]__0u94.gh._.js:131:27)
    at async AppRouteRouteModule.do (/Users/vonpeper/Documents/Antigravity/Vendetta/node_modules/next/dist/compiled/next-server/app-route-turbo.runtime.dev.js:5:40115)
    at async AppRouteRouteModule.handle (/Users/vonpeper/Documents/Antigravity/Vendetta/node_modules/next/dist/compiled/next-server/app-route-turbo.runtime.dev.js:5:47321)
    at async responseGenerator (/Users/vonpeper/Documents/Antigravity/Vendetta/.next/dev/server/chunks/[root-of-the-server]__0ubrf6r._.js:12179:38)
    at async AppRouteRouteModule.handleResponse (/Users/vonpeper/Documents/Antigravity/Vendetta/node_modules/next/dist/compiled/next-server/app-route-turbo.runtime.dev.js:1:227216)
    at async handleResponse (/Users/vonpeper/Documents/Antigravity/Vendetta/.next/dev/server/chunks/[root-of-the-server]__0ubrf6r._.js:12242:32)
    at async Module.handler (/Users/vonpeper/Documents/Antigravity/Vendetta/.next/dev/server/chunks/[root-of-the-server]__0ubrf6r._.js:12296:13)
    at async DevServer.renderToResponseWithComponentsImpl (/Users/vonpeper/Documents/Antigravity/Vendetta/node_modules/next/dist/server/base-server.js:1454:9)
    at async DevServer.renderPageComponent (/Users/vonpeper/Documents/Antigravity/Vendetta/node_modules/next/dist/server/base-server.js:1506:24)
    at async DevServer.renderToResponseImpl (/Users/vonpeper/Documents/Antigravity/Vendetta/node_modules/next/dist/server/base-server.js:1556:32)
    at async DevServer.pipeImpl (/Users/vonpeper/Documents/Antigravity/Vendetta/node_modules/next/dist/server/base-server.js:1043:25)
    at async NextNodeServer.handleCatchallRenderRequest (/Users/vonpeper/Documents/Antigravity/Vendetta/node_modules/next/dist/server/next-server.js:338:17)
    at async DevServer.handleRequestImpl (/Users/vonpeper/Documents/Antigravity/Vendetta/node_modules/next/dist/server/base-server.js:934:17)
    at async /Users/vonpeper/Documents/Antigravity/Vendetta/node_modules/next/dist/server/dev/next-dev-server.js:394:20
    at async Span.traceAsyncFn (/Users/vonpeper/Documents/Antigravity/Vendetta/node_modules/next/dist/trace/trace.js:164:20)
    at async DevServer.handleRequest (/Users/vonpeper/Documents/Antigravity/Vendetta/node_modules/next/dist/server/dev/next-dev-server.js:390:24)
    at async invokeRender (/Users/vonpeper/Documents/Antigravity/Vendetta/node_modules/next/dist/server/lib/router-server.js:266:21)
    at async handleRequest (/Users/vonpeper/Documents/Antigravity/Vendetta/node_modules/next/dist/server/lib/router-server.js:465:24)
    at async requestHandlerImpl (/Users/vonpeper/Documents/Antigravity/Vendetta/node_modules/next/dist/server/lib/router-server.js:514:13)
    at async Server.requestListener (/Users/vonpeper/Documents/Antigravity/Vendetta/node_modules/next/dist/server/lib/start-server.js:225:13)

[2026-04-13T22:43:21.353Z] ERROR in GET /api/admin/locations:
PrismaClientValidationError: 
Invalid `prisma.location.findMany()` invocation:

{
  where: {
    active: true,
    ~~~~~~
?   AND?: LocationWhereInput | LocationWhereInput[],
?   OR?: LocationWhereInput[],
?   NOT?: LocationWhereInput | LocationWhereInput[],
?   id?: StringFilter | String,
?   name?: StringFilter | String,
?   address?: StringFilter | String,
?   references?: StringNullableFilter | String | Null,
?   spaceType?: StringNullableFilter | String | Null,
?   logisticsNotes?: StringNullableFilter | String | Null,
?   city?: StringNullableFilter | String | Null,
?   state?: StringNullableFilter | String | Null,
?   mapsLink?: StringNullableFilter | String | Null,
?   events?: EventListRelationFilter,
?   rehearsals?: RehearsalListRelationFilter
  },
  orderBy: {
    name: "asc"
  }
}

Unknown argument `active`. Available options are marked with ?.
    at ar (/Users/vonpeper/Documents/Antigravity/Vendetta/node_modules/@prisma/client/runtime/client.js:10:1374)
    at Gr.handleRequestError (/Users/vonpeper/Documents/Antigravity/Vendetta/node_modules/@prisma/client/runtime/client.js:65:7929)
    at Gr.handleAndLogRequestError (/Users/vonpeper/Documents/Antigravity/Vendetta/node_modules/@prisma/client/runtime/client.js:65:7581)
    at Gr.request (/Users/vonpeper/Documents/Antigravity/Vendetta/node_modules/@prisma/client/runtime/client.js:65:7288)
    at async a (/Users/vonpeper/Documents/Antigravity/Vendetta/node_modules/@prisma/client/runtime/client.js:75:6730)
    at async GET (/Users/vonpeper/Documents/Antigravity/Vendetta/.next/dev/server/chunks/[root-of-the-server]__0u94.gh._.js:131:27)
    at async AppRouteRouteModule.do (/Users/vonpeper/Documents/Antigravity/Vendetta/node_modules/next/dist/compiled/next-server/app-route-turbo.runtime.dev.js:5:40115)
    at async AppRouteRouteModule.handle (/Users/vonpeper/Documents/Antigravity/Vendetta/node_modules/next/dist/compiled/next-server/app-route-turbo.runtime.dev.js:5:47321)
    at async responseGenerator (/Users/vonpeper/Documents/Antigravity/Vendetta/.next/dev/server/chunks/[root-of-the-server]__0ubrf6r._.js:12179:38)
    at async AppRouteRouteModule.handleResponse (/Users/vonpeper/Documents/Antigravity/Vendetta/node_modules/next/dist/compiled/next-server/app-route-turbo.runtime.dev.js:1:227216)
    at async handleResponse (/Users/vonpeper/Documents/Antigravity/Vendetta/.next/dev/server/chunks/[root-of-the-server]__0ubrf6r._.js:12242:32)
    at async Module.handler (/Users/vonpeper/Documents/Antigravity/Vendetta/.next/dev/server/chunks/[root-of-the-server]__0ubrf6r._.js:12296:13)
    at async DevServer.renderToResponseWithComponentsImpl (/Users/vonpeper/Documents/Antigravity/Vendetta/node_modules/next/dist/server/base-server.js:1454:9)
    at async DevServer.renderPageComponent (/Users/vonpeper/Documents/Antigravity/Vendetta/node_modules/next/dist/server/base-server.js:1506:24)
    at async DevServer.renderToResponseImpl (/Users/vonpeper/Documents/Antigravity/Vendetta/node_modules/next/dist/server/base-server.js:1556:32)
    at async DevServer.pipeImpl (/Users/vonpeper/Documents/Antigravity/Vendetta/node_modules/next/dist/server/base-server.js:1043:25)
    at async NextNodeServer.handleCatchallRenderRequest (/Users/vonpeper/Documents/Antigravity/Vendetta/node_modules/next/dist/server/next-server.js:338:17)
    at async DevServer.handleRequestImpl (/Users/vonpeper/Documents/Antigravity/Vendetta/node_modules/next/dist/server/base-server.js:934:17)
    at async /Users/vonpeper/Documents/Antigravity/Vendetta/node_modules/next/dist/server/dev/next-dev-server.js:394:20
    at async Span.traceAsyncFn (/Users/vonpeper/Documents/Antigravity/Vendetta/node_modules/next/dist/trace/trace.js:164:20)
    at async DevServer.handleRequest (/Users/vonpeper/Documents/Antigravity/Vendetta/node_modules/next/dist/server/dev/next-dev-server.js:390:24)
    at async invokeRender (/Users/vonpeper/Documents/Antigravity/Vendetta/node_modules/next/dist/server/lib/router-server.js:266:21)
    at async handleRequest (/Users/vonpeper/Documents/Antigravity/Vendetta/node_modules/next/dist/server/lib/router-server.js:465:24)
    at async requestHandlerImpl (/Users/vonpeper/Documents/Antigravity/Vendetta/node_modules/next/dist/server/lib/router-server.js:514:13)
    at async Server.requestListener (/Users/vonpeper/Documents/Antigravity/Vendetta/node_modules/next/dist/server/lib/start-server.js:225:13)

[2026-04-13T22:44:25.962Z] ERROR in GET /api/admin/locations:
PrismaClientValidationError: 
Invalid `prisma.location.findMany()` invocation:

{
  where: {
    active: true,
    ~~~~~~
?   AND?: LocationWhereInput | LocationWhereInput[],
?   OR?: LocationWhereInput[],
?   NOT?: LocationWhereInput | LocationWhereInput[],
?   id?: StringFilter | String,
?   name?: StringFilter | String,
?   address?: StringFilter | String,
?   references?: StringNullableFilter | String | Null,
?   spaceType?: StringNullableFilter | String | Null,
?   logisticsNotes?: StringNullableFilter | String | Null,
?   city?: StringNullableFilter | String | Null,
?   state?: StringNullableFilter | String | Null,
?   mapsLink?: StringNullableFilter | String | Null,
?   events?: EventListRelationFilter,
?   rehearsals?: RehearsalListRelationFilter
  },
  orderBy: {
    name: "asc"
  }
}

Unknown argument `active`. Available options are marked with ?.
    at ar (/Users/vonpeper/Documents/Antigravity/Vendetta/node_modules/@prisma/client/runtime/client.js:10:1374)
    at Gr.handleRequestError (/Users/vonpeper/Documents/Antigravity/Vendetta/node_modules/@prisma/client/runtime/client.js:65:7929)
    at Gr.handleAndLogRequestError (/Users/vonpeper/Documents/Antigravity/Vendetta/node_modules/@prisma/client/runtime/client.js:65:7581)
    at Gr.request (/Users/vonpeper/Documents/Antigravity/Vendetta/node_modules/@prisma/client/runtime/client.js:65:7288)
    at async a (/Users/vonpeper/Documents/Antigravity/Vendetta/node_modules/@prisma/client/runtime/client.js:75:6730)
    at async GET (/Users/vonpeper/Documents/Antigravity/Vendetta/.next/dev/server/chunks/[root-of-the-server]__0u94.gh._.js:131:27)
    at async AppRouteRouteModule.do (/Users/vonpeper/Documents/Antigravity/Vendetta/node_modules/next/dist/compiled/next-server/app-route-turbo.runtime.dev.js:5:40115)
    at async AppRouteRouteModule.handle (/Users/vonpeper/Documents/Antigravity/Vendetta/node_modules/next/dist/compiled/next-server/app-route-turbo.runtime.dev.js:5:47321)
    at async responseGenerator (/Users/vonpeper/Documents/Antigravity/Vendetta/.next/dev/server/chunks/[root-of-the-server]__0ubrf6r._.js:12179:38)
    at async AppRouteRouteModule.handleResponse (/Users/vonpeper/Documents/Antigravity/Vendetta/node_modules/next/dist/compiled/next-server/app-route-turbo.runtime.dev.js:1:227216)
    at async handleResponse (/Users/vonpeper/Documents/Antigravity/Vendetta/.next/dev/server/chunks/[root-of-the-server]__0ubrf6r._.js:12242:32)
    at async Module.handler (/Users/vonpeper/Documents/Antigravity/Vendetta/.next/dev/server/chunks/[root-of-the-server]__0ubrf6r._.js:12296:13)
    at async DevServer.renderToResponseWithComponentsImpl (/Users/vonpeper/Documents/Antigravity/Vendetta/node_modules/next/dist/server/base-server.js:1454:9)
    at async DevServer.renderPageComponent (/Users/vonpeper/Documents/Antigravity/Vendetta/node_modules/next/dist/server/base-server.js:1506:24)
    at async DevServer.renderToResponseImpl (/Users/vonpeper/Documents/Antigravity/Vendetta/node_modules/next/dist/server/base-server.js:1556:32)
    at async DevServer.pipeImpl (/Users/vonpeper/Documents/Antigravity/Vendetta/node_modules/next/dist/server/base-server.js:1043:25)
    at async NextNodeServer.handleCatchallRenderRequest (/Users/vonpeper/Documents/Antigravity/Vendetta/node_modules/next/dist/server/next-server.js:338:17)
    at async DevServer.handleRequestImpl (/Users/vonpeper/Documents/Antigravity/Vendetta/node_modules/next/dist/server/base-server.js:934:17)
    at async /Users/vonpeper/Documents/Antigravity/Vendetta/node_modules/next/dist/server/dev/next-dev-server.js:394:20
    at async Span.traceAsyncFn (/Users/vonpeper/Documents/Antigravity/Vendetta/node_modules/next/dist/trace/trace.js:164:20)
    at async DevServer.handleRequest (/Users/vonpeper/Documents/Antigravity/Vendetta/node_modules/next/dist/server/dev/next-dev-server.js:390:24)
    at async invokeRender (/Users/vonpeper/Documents/Antigravity/Vendetta/node_modules/next/dist/server/lib/router-server.js:266:21)
    at async handleRequest (/Users/vonpeper/Documents/Antigravity/Vendetta/node_modules/next/dist/server/lib/router-server.js:465:24)
    at async requestHandlerImpl (/Users/vonpeper/Documents/Antigravity/Vendetta/node_modules/next/dist/server/lib/router-server.js:514:13)
    at async Server.requestListener (/Users/vonpeper/Documents/Antigravity/Vendetta/node_modules/next/dist/server/lib/start-server.js:225:13)

[2026-04-13T22:44:26.020Z] ERROR in GET /api/admin/locations:
PrismaClientValidationError: 
Invalid `prisma.location.findMany()` invocation:

{
  where: {
    active: true,
    ~~~~~~
?   AND?: LocationWhereInput | LocationWhereInput[],
?   OR?: LocationWhereInput[],
?   NOT?: LocationWhereInput | LocationWhereInput[],
?   id?: StringFilter | String,
?   name?: StringFilter | String,
?   address?: StringFilter | String,
?   references?: StringNullableFilter | String | Null,
?   spaceType?: StringNullableFilter | String | Null,
?   logisticsNotes?: StringNullableFilter | String | Null,
?   city?: StringNullableFilter | String | Null,
?   state?: StringNullableFilter | String | Null,
?   mapsLink?: StringNullableFilter | String | Null,
?   events?: EventListRelationFilter,
?   rehearsals?: RehearsalListRelationFilter
  },
  orderBy: {
    name: "asc"
  }
}

Unknown argument `active`. Available options are marked with ?.
    at ar (/Users/vonpeper/Documents/Antigravity/Vendetta/node_modules/@prisma/client/runtime/client.js:10:1374)
    at Gr.handleRequestError (/Users/vonpeper/Documents/Antigravity/Vendetta/node_modules/@prisma/client/runtime/client.js:65:7929)
    at Gr.handleAndLogRequestError (/Users/vonpeper/Documents/Antigravity/Vendetta/node_modules/@prisma/client/runtime/client.js:65:7581)
    at Gr.request (/Users/vonpeper/Documents/Antigravity/Vendetta/node_modules/@prisma/client/runtime/client.js:65:7288)
    at async a (/Users/vonpeper/Documents/Antigravity/Vendetta/node_modules/@prisma/client/runtime/client.js:75:6730)
    at async GET (/Users/vonpeper/Documents/Antigravity/Vendetta/.next/dev/server/chunks/[root-of-the-server]__0u94.gh._.js:131:27)
    at async AppRouteRouteModule.do (/Users/vonpeper/Documents/Antigravity/Vendetta/node_modules/next/dist/compiled/next-server/app-route-turbo.runtime.dev.js:5:40115)
    at async AppRouteRouteModule.handle (/Users/vonpeper/Documents/Antigravity/Vendetta/node_modules/next/dist/compiled/next-server/app-route-turbo.runtime.dev.js:5:47321)
    at async responseGenerator (/Users/vonpeper/Documents/Antigravity/Vendetta/.next/dev/server/chunks/[root-of-the-server]__0ubrf6r._.js:12179:38)
    at async AppRouteRouteModule.handleResponse (/Users/vonpeper/Documents/Antigravity/Vendetta/node_modules/next/dist/compiled/next-server/app-route-turbo.runtime.dev.js:1:227216)
    at async handleResponse (/Users/vonpeper/Documents/Antigravity/Vendetta/.next/dev/server/chunks/[root-of-the-server]__0ubrf6r._.js:12242:32)
    at async Module.handler (/Users/vonpeper/Documents/Antigravity/Vendetta/.next/dev/server/chunks/[root-of-the-server]__0ubrf6r._.js:12296:13)
    at async DevServer.renderToResponseWithComponentsImpl (/Users/vonpeper/Documents/Antigravity/Vendetta/node_modules/next/dist/server/base-server.js:1454:9)
    at async DevServer.renderPageComponent (/Users/vonpeper/Documents/Antigravity/Vendetta/node_modules/next/dist/server/base-server.js:1506:24)
    at async DevServer.renderToResponseImpl (/Users/vonpeper/Documents/Antigravity/Vendetta/node_modules/next/dist/server/base-server.js:1556:32)
    at async DevServer.pipeImpl (/Users/vonpeper/Documents/Antigravity/Vendetta/node_modules/next/dist/server/base-server.js:1043:25)
    at async NextNodeServer.handleCatchallRenderRequest (/Users/vonpeper/Documents/Antigravity/Vendetta/node_modules/next/dist/server/next-server.js:338:17)
    at async DevServer.handleRequestImpl (/Users/vonpeper/Documents/Antigravity/Vendetta/node_modules/next/dist/server/base-server.js:934:17)
    at async /Users/vonpeper/Documents/Antigravity/Vendetta/node_modules/next/dist/server/dev/next-dev-server.js:394:20
    at async Span.traceAsyncFn (/Users/vonpeper/Documents/Antigravity/Vendetta/node_modules/next/dist/trace/trace.js:164:20)
    at async DevServer.handleRequest (/Users/vonpeper/Documents/Antigravity/Vendetta/node_modules/next/dist/server/dev/next-dev-server.js:390:24)
    at async invokeRender (/Users/vonpeper/Documents/Antigravity/Vendetta/node_modules/next/dist/server/lib/router-server.js:266:21)
    at async handleRequest (/Users/vonpeper/Documents/Antigravity/Vendetta/node_modules/next/dist/server/lib/router-server.js:465:24)
    at async requestHandlerImpl (/Users/vonpeper/Documents/Antigravity/Vendetta/node_modules/next/dist/server/lib/router-server.js:514:13)
    at async Server.requestListener (/Users/vonpeper/Documents/Antigravity/Vendetta/node_modules/next/dist/server/lib/start-server.js:225:13)

[2026-04-14T00:06:29.141Z] ERROR in GET /api/admin/locations (RAW SQL):
TypeError: this._createPrismaPromise is not a function
    at Proxy.$queryRawUnsafe (/Users/vonpeper/Documents/Antigravity/Vendetta/node_modules/@prisma/client/runtime/client.js:75:3377)
    at GET (/Users/vonpeper/Documents/Antigravity/Vendetta/.next/dev/server/chunks/[root-of-the-server]__04mt8rq._.js:201:154)
    at AsyncLocalStorage.run (node:internal/async_local_storage/async_hooks:80:14)
    at AppRouteRouteModule.do (/Users/vonpeper/Documents/Antigravity/Vendetta/node_modules/next/dist/compiled/next-server/app-route-turbo.runtime.dev.js:5:40179)
    at /Users/vonpeper/Documents/Antigravity/Vendetta/node_modules/next/dist/compiled/next-server/app-route-turbo.runtime.dev.js:5:50078
    at /Users/vonpeper/Documents/Antigravity/Vendetta/node_modules/next/dist/server/lib/trace/tracer.js:195:36
    at NoopContextManager.with (/Users/vonpeper/Documents/Antigravity/Vendetta/node_modules/next/dist/compiled/@opentelemetry/api/index.js:1:7062)
    at ContextAPI.with (/Users/vonpeper/Documents/Antigravity/Vendetta/node_modules/next/dist/compiled/@opentelemetry/api/index.js:1:518)
    at NoopTracer.startActiveSpan (/Users/vonpeper/Documents/Antigravity/Vendetta/node_modules/next/dist/compiled/@opentelemetry/api/index.js:1:18093)
    at ProxyTracer.startActiveSpan (/Users/vonpeper/Documents/Antigravity/Vendetta/node_modules/next/dist/compiled/@opentelemetry/api/index.js:1:18854)
    at /Users/vonpeper/Documents/Antigravity/Vendetta/node_modules/next/dist/server/lib/trace/tracer.js:164:103
    at NoopContextManager.with (/Users/vonpeper/Documents/Antigravity/Vendetta/node_modules/next/dist/compiled/@opentelemetry/api/index.js:1:7062)
    at ContextAPI.with (/Users/vonpeper/Documents/Antigravity/Vendetta/node_modules/next/dist/compiled/@opentelemetry/api/index.js:1:518)
    at NextTracerImpl.trace (/Users/vonpeper/Documents/Antigravity/Vendetta/node_modules/next/dist/server/lib/trace/tracer.js:164:28)
    at /Users/vonpeper/Documents/Antigravity/Vendetta/node_modules/next/dist/compiled/next-server/app-route-turbo.runtime.dev.js:5:49917
    at AsyncLocalStorage.run (node:internal/async_local_storage/async_hooks:91:14)
    at /Users/vonpeper/Documents/Antigravity/Vendetta/node_modules/next/dist/compiled/next-server/app-route-turbo.runtime.dev.js:5:47440
    at AsyncLocalStorage.run (node:internal/async_local_storage/async_hooks:91:14)
    at /Users/vonpeper/Documents/Antigravity/Vendetta/node_modules/next/dist/compiled/next-server/app-route-turbo.runtime.dev.js:5:47397
    at AsyncLocalStorage.run (node:internal/async_local_storage/async_hooks:91:14)
    at AppRouteRouteModule.handle (/Users/vonpeper/Documents/Antigravity/Vendetta/node_modules/next/dist/compiled/next-server/app-route-turbo.runtime.dev.js:5:47351)
    at async responseGenerator (/Users/vonpeper/Documents/Antigravity/Vendetta/.next/dev/server/chunks/[root-of-the-server]__12h2mhu._.js:11730:38)
    at async AppRouteRouteModule.handleResponse (/Users/vonpeper/Documents/Antigravity/Vendetta/node_modules/next/dist/compiled/next-server/app-route-turbo.runtime.dev.js:1:227216)
    at async handleResponse (/Users/vonpeper/Documents/Antigravity/Vendetta/.next/dev/server/chunks/[root-of-the-server]__12h2mhu._.js:11793:32)
    at async Module.handler (/Users/vonpeper/Documents/Antigravity/Vendetta/.next/dev/server/chunks/[root-of-the-server]__12h2mhu._.js:11847:13)
    at async DevServer.renderToResponseWithComponentsImpl (/Users/vonpeper/Documents/Antigravity/Vendetta/node_modules/next/dist/server/base-server.js:1454:9)
    at async DevServer.renderPageComponent (/Users/vonpeper/Documents/Antigravity/Vendetta/node_modules/next/dist/server/base-server.js:1506:24)
    at async DevServer.renderToResponseImpl (/Users/vonpeper/Documents/Antigravity/Vendetta/node_modules/next/dist/server/base-server.js:1556:32)
    at async DevServer.pipeImpl (/Users/vonpeper/Documents/Antigravity/Vendetta/node_modules/next/dist/server/base-server.js:1043:25)
    at async NextNodeServer.handleCatchallRenderRequest (/Users/vonpeper/Documents/Antigravity/Vendetta/node_modules/next/dist/server/next-server.js:338:17)
    at async DevServer.handleRequestImpl (/Users/vonpeper/Documents/Antigravity/Vendetta/node_modules/next/dist/server/base-server.js:934:17)
    at async /Users/vonpeper/Documents/Antigravity/Vendetta/node_modules/next/dist/server/dev/next-dev-server.js:394:20
    at async Span.traceAsyncFn (/Users/vonpeper/Documents/Antigravity/Vendetta/node_modules/next/dist/trace/trace.js:164:20)
    at async DevServer.handleRequest (/Users/vonpeper/Documents/Antigravity/Vendetta/node_modules/next/dist/server/dev/next-dev-server.js:390:24)
    at async invokeRender (/Users/vonpeper/Documents/Antigravity/Vendetta/node_modules/next/dist/server/lib/router-server.js:266:21)
    at async handleRequest (/Users/vonpeper/Documents/Antigravity/Vendetta/node_modules/next/dist/server/lib/router-server.js:465:24)
    at async requestHandlerImpl (/Users/vonpeper/Documents/Antigravity/Vendetta/node_modules/next/dist/server/lib/router-server.js:514:13)
    at async Server.requestListener (/Users/vonpeper/Documents/Antigravity/Vendetta/node_modules/next/dist/server/lib/start-server.js:225:13)

[2026-04-14T00:06:29.170Z] ERROR in GET /api/admin/locations (RAW SQL):
TypeError: this._createPrismaPromise is not a function
    at Proxy.$queryRawUnsafe (/Users/vonpeper/Documents/Antigravity/Vendetta/node_modules/@prisma/client/runtime/client.js:75:3377)
    at GET (/Users/vonpeper/Documents/Antigravity/Vendetta/.next/dev/server/chunks/[root-of-the-server]__04mt8rq._.js:201:154)
    at AsyncLocalStorage.run (node:internal/async_local_storage/async_hooks:80:14)
    at AppRouteRouteModule.do (/Users/vonpeper/Documents/Antigravity/Vendetta/node_modules/next/dist/compiled/next-server/app-route-turbo.runtime.dev.js:5:40179)
    at /Users/vonpeper/Documents/Antigravity/Vendetta/node_modules/next/dist/compiled/next-server/app-route-turbo.runtime.dev.js:5:50078
    at /Users/vonpeper/Documents/Antigravity/Vendetta/node_modules/next/dist/server/lib/trace/tracer.js:195:36
    at NoopContextManager.with (/Users/vonpeper/Documents/Antigravity/Vendetta/node_modules/next/dist/compiled/@opentelemetry/api/index.js:1:7062)
    at ContextAPI.with (/Users/vonpeper/Documents/Antigravity/Vendetta/node_modules/next/dist/compiled/@opentelemetry/api/index.js:1:518)
    at NoopTracer.startActiveSpan (/Users/vonpeper/Documents/Antigravity/Vendetta/node_modules/next/dist/compiled/@opentelemetry/api/index.js:1:18093)
    at ProxyTracer.startActiveSpan (/Users/vonpeper/Documents/Antigravity/Vendetta/node_modules/next/dist/compiled/@opentelemetry/api/index.js:1:18854)
    at /Users/vonpeper/Documents/Antigravity/Vendetta/node_modules/next/dist/server/lib/trace/tracer.js:164:103
    at NoopContextManager.with (/Users/vonpeper/Documents/Antigravity/Vendetta/node_modules/next/dist/compiled/@opentelemetry/api/index.js:1:7062)
    at ContextAPI.with (/Users/vonpeper/Documents/Antigravity/Vendetta/node_modules/next/dist/compiled/@opentelemetry/api/index.js:1:518)
    at NextTracerImpl.trace (/Users/vonpeper/Documents/Antigravity/Vendetta/node_modules/next/dist/server/lib/trace/tracer.js:164:28)
    at /Users/vonpeper/Documents/Antigravity/Vendetta/node_modules/next/dist/compiled/next-server/app-route-turbo.runtime.dev.js:5:49917
    at AsyncLocalStorage.run (node:internal/async_local_storage/async_hooks:91:14)
    at /Users/vonpeper/Documents/Antigravity/Vendetta/node_modules/next/dist/compiled/next-server/app-route-turbo.runtime.dev.js:5:47440
    at AsyncLocalStorage.run (node:internal/async_local_storage/async_hooks:91:14)
    at /Users/vonpeper/Documents/Antigravity/Vendetta/node_modules/next/dist/compiled/next-server/app-route-turbo.runtime.dev.js:5:47397
    at AsyncLocalStorage.run (node:internal/async_local_storage/async_hooks:91:14)
    at AppRouteRouteModule.handle (/Users/vonpeper/Documents/Antigravity/Vendetta/node_modules/next/dist/compiled/next-server/app-route-turbo.runtime.dev.js:5:47351)
    at async responseGenerator (/Users/vonpeper/Documents/Antigravity/Vendetta/.next/dev/server/chunks/[root-of-the-server]__12h2mhu._.js:11730:38)
    at async AppRouteRouteModule.handleResponse (/Users/vonpeper/Documents/Antigravity/Vendetta/node_modules/next/dist/compiled/next-server/app-route-turbo.runtime.dev.js:1:227216)
    at async handleResponse (/Users/vonpeper/Documents/Antigravity/Vendetta/.next/dev/server/chunks/[root-of-the-server]__12h2mhu._.js:11793:32)
    at async Module.handler (/Users/vonpeper/Documents/Antigravity/Vendetta/.next/dev/server/chunks/[root-of-the-server]__12h2mhu._.js:11847:13)
    at async DevServer.renderToResponseWithComponentsImpl (/Users/vonpeper/Documents/Antigravity/Vendetta/node_modules/next/dist/server/base-server.js:1454:9)
    at async DevServer.renderPageComponent (/Users/vonpeper/Documents/Antigravity/Vendetta/node_modules/next/dist/server/base-server.js:1506:24)
    at async DevServer.renderToResponseImpl (/Users/vonpeper/Documents/Antigravity/Vendetta/node_modules/next/dist/server/base-server.js:1556:32)
    at async DevServer.pipeImpl (/Users/vonpeper/Documents/Antigravity/Vendetta/node_modules/next/dist/server/base-server.js:1043:25)
    at async NextNodeServer.handleCatchallRenderRequest (/Users/vonpeper/Documents/Antigravity/Vendetta/node_modules/next/dist/server/next-server.js:338:17)
    at async DevServer.handleRequestImpl (/Users/vonpeper/Documents/Antigravity/Vendetta/node_modules/next/dist/server/base-server.js:934:17)
    at async /Users/vonpeper/Documents/Antigravity/Vendetta/node_modules/next/dist/server/dev/next-dev-server.js:394:20
    at async Span.traceAsyncFn (/Users/vonpeper/Documents/Antigravity/Vendetta/node_modules/next/dist/trace/trace.js:164:20)
    at async DevServer.handleRequest (/Users/vonpeper/Documents/Antigravity/Vendetta/node_modules/next/dist/server/dev/next-dev-server.js:390:24)
    at async invokeRender (/Users/vonpeper/Documents/Antigravity/Vendetta/node_modules/next/dist/server/lib/router-server.js:266:21)
    at async handleRequest (/Users/vonpeper/Documents/Antigravity/Vendetta/node_modules/next/dist/server/lib/router-server.js:465:24)
    at async requestHandlerImpl (/Users/vonpeper/Documents/Antigravity/Vendetta/node_modules/next/dist/server/lib/router-server.js:514:13)
    at async Server.requestListener (/Users/vonpeper/Documents/Antigravity/Vendetta/node_modules/next/dist/server/lib/start-server.js:225:13)

[2026-04-14T00:08:45.153Z] ERROR in GET /api/admin/locations (RAW SQL):
TypeError: this._createPrismaPromise is not a function
    at Proxy.$queryRawUnsafe (/Users/vonpeper/Documents/Antigravity/Vendetta/node_modules/@prisma/client/runtime/client.js:75:3377)
    at GET (/Users/vonpeper/Documents/Antigravity/Vendetta/.next/dev/server/chunks/[root-of-the-server]__03z81s~._.js:194:154)
    at AsyncLocalStorage.run (node:internal/async_local_storage/async_hooks:80:14)
    at AppRouteRouteModule.do (/Users/vonpeper/Documents/Antigravity/Vendetta/node_modules/next/dist/compiled/next-server/app-route-turbo.runtime.dev.js:5:40179)
    at /Users/vonpeper/Documents/Antigravity/Vendetta/node_modules/next/dist/compiled/next-server/app-route-turbo.runtime.dev.js:5:50078
    at /Users/vonpeper/Documents/Antigravity/Vendetta/node_modules/next/dist/server/lib/trace/tracer.js:195:36
    at NoopContextManager.with (/Users/vonpeper/Documents/Antigravity/Vendetta/node_modules/next/dist/compiled/@opentelemetry/api/index.js:1:7062)
    at ContextAPI.with (/Users/vonpeper/Documents/Antigravity/Vendetta/node_modules/next/dist/compiled/@opentelemetry/api/index.js:1:518)
    at NoopTracer.startActiveSpan (/Users/vonpeper/Documents/Antigravity/Vendetta/node_modules/next/dist/compiled/@opentelemetry/api/index.js:1:18093)
    at ProxyTracer.startActiveSpan (/Users/vonpeper/Documents/Antigravity/Vendetta/node_modules/next/dist/compiled/@opentelemetry/api/index.js:1:18854)
    at /Users/vonpeper/Documents/Antigravity/Vendetta/node_modules/next/dist/server/lib/trace/tracer.js:164:103
    at NoopContextManager.with (/Users/vonpeper/Documents/Antigravity/Vendetta/node_modules/next/dist/compiled/@opentelemetry/api/index.js:1:7062)
    at ContextAPI.with (/Users/vonpeper/Documents/Antigravity/Vendetta/node_modules/next/dist/compiled/@opentelemetry/api/index.js:1:518)
    at NextTracerImpl.trace (/Users/vonpeper/Documents/Antigravity/Vendetta/node_modules/next/dist/server/lib/trace/tracer.js:164:28)
    at /Users/vonpeper/Documents/Antigravity/Vendetta/node_modules/next/dist/compiled/next-server/app-route-turbo.runtime.dev.js:5:49917
    at AsyncLocalStorage.run (node:internal/async_local_storage/async_hooks:91:14)
    at /Users/vonpeper/Documents/Antigravity/Vendetta/node_modules/next/dist/compiled/next-server/app-route-turbo.runtime.dev.js:5:47440
    at AsyncLocalStorage.run (node:internal/async_local_storage/async_hooks:91:14)
    at /Users/vonpeper/Documents/Antigravity/Vendetta/node_modules/next/dist/compiled/next-server/app-route-turbo.runtime.dev.js:5:47397
    at AsyncLocalStorage.run (node:internal/async_local_storage/async_hooks:91:14)
    at AppRouteRouteModule.handle (/Users/vonpeper/Documents/Antigravity/Vendetta/node_modules/next/dist/compiled/next-server/app-route-turbo.runtime.dev.js:5:47351)
    at async responseGenerator (/Users/vonpeper/Documents/Antigravity/Vendetta/.next/dev/server/chunks/[root-of-the-server]__12h2mhu._.js:11730:38)
    at async AppRouteRouteModule.handleResponse (/Users/vonpeper/Documents/Antigravity/Vendetta/node_modules/next/dist/compiled/next-server/app-route-turbo.runtime.dev.js:1:227216)
    at async handleResponse (/Users/vonpeper/Documents/Antigravity/Vendetta/.next/dev/server/chunks/[root-of-the-server]__12h2mhu._.js:11793:32)
    at async Module.handler (/Users/vonpeper/Documents/Antigravity/Vendetta/.next/dev/server/chunks/[root-of-the-server]__12h2mhu._.js:11847:13)
    at async DevServer.renderToResponseWithComponentsImpl (/Users/vonpeper/Documents/Antigravity/Vendetta/node_modules/next/dist/server/base-server.js:1454:9)
    at async DevServer.renderPageComponent (/Users/vonpeper/Documents/Antigravity/Vendetta/node_modules/next/dist/server/base-server.js:1506:24)
    at async DevServer.renderToResponseImpl (/Users/vonpeper/Documents/Antigravity/Vendetta/node_modules/next/dist/server/base-server.js:1556:32)
    at async DevServer.pipeImpl (/Users/vonpeper/Documents/Antigravity/Vendetta/node_modules/next/dist/server/base-server.js:1043:25)
    at async NextNodeServer.handleCatchallRenderRequest (/Users/vonpeper/Documents/Antigravity/Vendetta/node_modules/next/dist/server/next-server.js:338:17)
    at async DevServer.handleRequestImpl (/Users/vonpeper/Documents/Antigravity/Vendetta/node_modules/next/dist/server/base-server.js:934:17)
    at async /Users/vonpeper/Documents/Antigravity/Vendetta/node_modules/next/dist/server/dev/next-dev-server.js:394:20
    at async Span.traceAsyncFn (/Users/vonpeper/Documents/Antigravity/Vendetta/node_modules/next/dist/trace/trace.js:164:20)
    at async DevServer.handleRequest (/Users/vonpeper/Documents/Antigravity/Vendetta/node_modules/next/dist/server/dev/next-dev-server.js:390:24)
    at async invokeRender (/Users/vonpeper/Documents/Antigravity/Vendetta/node_modules/next/dist/server/lib/router-server.js:266:21)
    at async handleRequest (/Users/vonpeper/Documents/Antigravity/Vendetta/node_modules/next/dist/server/lib/router-server.js:465:24)
    at async requestHandlerImpl (/Users/vonpeper/Documents/Antigravity/Vendetta/node_modules/next/dist/server/lib/router-server.js:514:13)
    at async Server.requestListener (/Users/vonpeper/Documents/Antigravity/Vendetta/node_modules/next/dist/server/lib/start-server.js:225:13)

[2026-04-14T00:08:45.194Z] ERROR in GET /api/admin/locations (RAW SQL):
TypeError: this._createPrismaPromise is not a function
    at Proxy.$queryRawUnsafe (/Users/vonpeper/Documents/Antigravity/Vendetta/node_modules/@prisma/client/runtime/client.js:75:3377)
    at GET (/Users/vonpeper/Documents/Antigravity/Vendetta/.next/dev/server/chunks/[root-of-the-server]__03z81s~._.js:194:154)
    at AsyncLocalStorage.run (node:internal/async_local_storage/async_hooks:80:14)
    at AppRouteRouteModule.do (/Users/vonpeper/Documents/Antigravity/Vendetta/node_modules/next/dist/compiled/next-server/app-route-turbo.runtime.dev.js:5:40179)
    at /Users/vonpeper/Documents/Antigravity/Vendetta/node_modules/next/dist/compiled/next-server/app-route-turbo.runtime.dev.js:5:50078
    at /Users/vonpeper/Documents/Antigravity/Vendetta/node_modules/next/dist/server/lib/trace/tracer.js:195:36
    at NoopContextManager.with (/Users/vonpeper/Documents/Antigravity/Vendetta/node_modules/next/dist/compiled/@opentelemetry/api/index.js:1:7062)
    at ContextAPI.with (/Users/vonpeper/Documents/Antigravity/Vendetta/node_modules/next/dist/compiled/@opentelemetry/api/index.js:1:518)
    at NoopTracer.startActiveSpan (/Users/vonpeper/Documents/Antigravity/Vendetta/node_modules/next/dist/compiled/@opentelemetry/api/index.js:1:18093)
    at ProxyTracer.startActiveSpan (/Users/vonpeper/Documents/Antigravity/Vendetta/node_modules/next/dist/compiled/@opentelemetry/api/index.js:1:18854)
    at /Users/vonpeper/Documents/Antigravity/Vendetta/node_modules/next/dist/server/lib/trace/tracer.js:164:103
    at NoopContextManager.with (/Users/vonpeper/Documents/Antigravity/Vendetta/node_modules/next/dist/compiled/@opentelemetry/api/index.js:1:7062)
    at ContextAPI.with (/Users/vonpeper/Documents/Antigravity/Vendetta/node_modules/next/dist/compiled/@opentelemetry/api/index.js:1:518)
    at NextTracerImpl.trace (/Users/vonpeper/Documents/Antigravity/Vendetta/node_modules/next/dist/server/lib/trace/tracer.js:164:28)
    at /Users/vonpeper/Documents/Antigravity/Vendetta/node_modules/next/dist/compiled/next-server/app-route-turbo.runtime.dev.js:5:49917
    at AsyncLocalStorage.run (node:internal/async_local_storage/async_hooks:91:14)
    at /Users/vonpeper/Documents/Antigravity/Vendetta/node_modules/next/dist/compiled/next-server/app-route-turbo.runtime.dev.js:5:47440
    at AsyncLocalStorage.run (node:internal/async_local_storage/async_hooks:91:14)
    at /Users/vonpeper/Documents/Antigravity/Vendetta/node_modules/next/dist/compiled/next-server/app-route-turbo.runtime.dev.js:5:47397
    at AsyncLocalStorage.run (node:internal/async_local_storage/async_hooks:91:14)
    at AppRouteRouteModule.handle (/Users/vonpeper/Documents/Antigravity/Vendetta/node_modules/next/dist/compiled/next-server/app-route-turbo.runtime.dev.js:5:47351)
    at async responseGenerator (/Users/vonpeper/Documents/Antigravity/Vendetta/.next/dev/server/chunks/[root-of-the-server]__12h2mhu._.js:11730:38)
    at async AppRouteRouteModule.handleResponse (/Users/vonpeper/Documents/Antigravity/Vendetta/node_modules/next/dist/compiled/next-server/app-route-turbo.runtime.dev.js:1:227216)
    at async handleResponse (/Users/vonpeper/Documents/Antigravity/Vendetta/.next/dev/server/chunks/[root-of-the-server]__12h2mhu._.js:11793:32)
    at async Module.handler (/Users/vonpeper/Documents/Antigravity/Vendetta/.next/dev/server/chunks/[root-of-the-server]__12h2mhu._.js:11847:13)
    at async DevServer.renderToResponseWithComponentsImpl (/Users/vonpeper/Documents/Antigravity/Vendetta/node_modules/next/dist/server/base-server.js:1454:9)
    at async DevServer.renderPageComponent (/Users/vonpeper/Documents/Antigravity/Vendetta/node_modules/next/dist/server/base-server.js:1506:24)
    at async DevServer.renderToResponseImpl (/Users/vonpeper/Documents/Antigravity/Vendetta/node_modules/next/dist/server/base-server.js:1556:32)
    at async DevServer.pipeImpl (/Users/vonpeper/Documents/Antigravity/Vendetta/node_modules/next/dist/server/base-server.js:1043:25)
    at async NextNodeServer.handleCatchallRenderRequest (/Users/vonpeper/Documents/Antigravity/Vendetta/node_modules/next/dist/server/next-server.js:338:17)
    at async DevServer.handleRequestImpl (/Users/vonpeper/Documents/Antigravity/Vendetta/node_modules/next/dist/server/base-server.js:934:17)
    at async /Users/vonpeper/Documents/Antigravity/Vendetta/node_modules/next/dist/server/dev/next-dev-server.js:394:20
    at async Span.traceAsyncFn (/Users/vonpeper/Documents/Antigravity/Vendetta/node_modules/next/dist/trace/trace.js:164:20)
    at async DevServer.handleRequest (/Users/vonpeper/Documents/Antigravity/Vendetta/node_modules/next/dist/server/dev/next-dev-server.js:390:24)
    at async invokeRender (/Users/vonpeper/Documents/Antigravity/Vendetta/node_modules/next/dist/server/lib/router-server.js:266:21)
    at async handleRequest (/Users/vonpeper/Documents/Antigravity/Vendetta/node_modules/next/dist/server/lib/router-server.js:465:24)
    at async requestHandlerImpl (/Users/vonpeper/Documents/Antigravity/Vendetta/node_modules/next/dist/server/lib/router-server.js:514:13)
    at async Server.requestListener (/Users/vonpeper/Documents/Antigravity/Vendetta/node_modules/next/dist/server/lib/start-server.js:225:13)

[2026-04-14T00:10:44.187Z] ERROR in GET /api/admin/locations (RAW SQL):
TypeError: this._createPrismaPromise is not a function
    at Proxy.$queryRawUnsafe (/Users/vonpeper/Documents/Antigravity/Vendetta/node_modules/@prisma/client/runtime/client.js:75:3377)
    at GET (/Users/vonpeper/Documents/Antigravity/Vendetta/.next/dev/server/chunks/[root-of-the-server]__03z81s~._.js:194:154)
    at AsyncLocalStorage.run (node:internal/async_local_storage/async_hooks:80:14)
    at AppRouteRouteModule.do (/Users/vonpeper/Documents/Antigravity/Vendetta/node_modules/next/dist/compiled/next-server/app-route-turbo.runtime.dev.js:5:40179)
    at /Users/vonpeper/Documents/Antigravity/Vendetta/node_modules/next/dist/compiled/next-server/app-route-turbo.runtime.dev.js:5:50078
    at /Users/vonpeper/Documents/Antigravity/Vendetta/node_modules/next/dist/server/lib/trace/tracer.js:195:36
    at NoopContextManager.with (/Users/vonpeper/Documents/Antigravity/Vendetta/node_modules/next/dist/compiled/@opentelemetry/api/index.js:1:7062)
    at ContextAPI.with (/Users/vonpeper/Documents/Antigravity/Vendetta/node_modules/next/dist/compiled/@opentelemetry/api/index.js:1:518)
    at NoopTracer.startActiveSpan (/Users/vonpeper/Documents/Antigravity/Vendetta/node_modules/next/dist/compiled/@opentelemetry/api/index.js:1:18093)
    at ProxyTracer.startActiveSpan (/Users/vonpeper/Documents/Antigravity/Vendetta/node_modules/next/dist/compiled/@opentelemetry/api/index.js:1:18854)
    at /Users/vonpeper/Documents/Antigravity/Vendetta/node_modules/next/dist/server/lib/trace/tracer.js:164:103
    at NoopContextManager.with (/Users/vonpeper/Documents/Antigravity/Vendetta/node_modules/next/dist/compiled/@opentelemetry/api/index.js:1:7062)
    at ContextAPI.with (/Users/vonpeper/Documents/Antigravity/Vendetta/node_modules/next/dist/compiled/@opentelemetry/api/index.js:1:518)
    at NextTracerImpl.trace (/Users/vonpeper/Documents/Antigravity/Vendetta/node_modules/next/dist/server/lib/trace/tracer.js:164:28)
    at /Users/vonpeper/Documents/Antigravity/Vendetta/node_modules/next/dist/compiled/next-server/app-route-turbo.runtime.dev.js:5:49917
    at AsyncLocalStorage.run (node:internal/async_local_storage/async_hooks:91:14)
    at /Users/vonpeper/Documents/Antigravity/Vendetta/node_modules/next/dist/compiled/next-server/app-route-turbo.runtime.dev.js:5:47440
    at AsyncLocalStorage.run (node:internal/async_local_storage/async_hooks:91:14)
    at /Users/vonpeper/Documents/Antigravity/Vendetta/node_modules/next/dist/compiled/next-server/app-route-turbo.runtime.dev.js:5:47397
    at AsyncLocalStorage.run (node:internal/async_local_storage/async_hooks:91:14)
    at AppRouteRouteModule.handle (/Users/vonpeper/Documents/Antigravity/Vendetta/node_modules/next/dist/compiled/next-server/app-route-turbo.runtime.dev.js:5:47351)
    at async responseGenerator (/Users/vonpeper/Documents/Antigravity/Vendetta/.next/dev/server/chunks/[root-of-the-server]__12h2mhu._.js:11730:38)
    at async AppRouteRouteModule.handleResponse (/Users/vonpeper/Documents/Antigravity/Vendetta/node_modules/next/dist/compiled/next-server/app-route-turbo.runtime.dev.js:1:227216)
    at async handleResponse (/Users/vonpeper/Documents/Antigravity/Vendetta/.next/dev/server/chunks/[root-of-the-server]__12h2mhu._.js:11793:32)
    at async Module.handler (/Users/vonpeper/Documents/Antigravity/Vendetta/.next/dev/server/chunks/[root-of-the-server]__12h2mhu._.js:11847:13)
    at async DevServer.renderToResponseWithComponentsImpl (/Users/vonpeper/Documents/Antigravity/Vendetta/node_modules/next/dist/server/base-server.js:1454:9)
    at async DevServer.renderPageComponent (/Users/vonpeper/Documents/Antigravity/Vendetta/node_modules/next/dist/server/base-server.js:1506:24)
    at async DevServer.renderToResponseImpl (/Users/vonpeper/Documents/Antigravity/Vendetta/node_modules/next/dist/server/base-server.js:1556:32)
    at async DevServer.pipeImpl (/Users/vonpeper/Documents/Antigravity/Vendetta/node_modules/next/dist/server/base-server.js:1043:25)
    at async NextNodeServer.handleCatchallRenderRequest (/Users/vonpeper/Documents/Antigravity/Vendetta/node_modules/next/dist/server/next-server.js:338:17)
    at async DevServer.handleRequestImpl (/Users/vonpeper/Documents/Antigravity/Vendetta/node_modules/next/dist/server/base-server.js:934:17)
    at async /Users/vonpeper/Documents/Antigravity/Vendetta/node_modules/next/dist/server/dev/next-dev-server.js:394:20
    at async Span.traceAsyncFn (/Users/vonpeper/Documents/Antigravity/Vendetta/node_modules/next/dist/trace/trace.js:164:20)
    at async DevServer.handleRequest (/Users/vonpeper/Documents/Antigravity/Vendetta/node_modules/next/dist/server/dev/next-dev-server.js:390:24)
    at async invokeRender (/Users/vonpeper/Documents/Antigravity/Vendetta/node_modules/next/dist/server/lib/router-server.js:266:21)
    at async handleRequest (/Users/vonpeper/Documents/Antigravity/Vendetta/node_modules/next/dist/server/lib/router-server.js:465:24)
    at async requestHandlerImpl (/Users/vonpeper/Documents/Antigravity/Vendetta/node_modules/next/dist/server/lib/router-server.js:514:13)
    at async Server.requestListener (/Users/vonpeper/Documents/Antigravity/Vendetta/node_modules/next/dist/server/lib/start-server.js:225:13)

[2026-04-14T00:10:44.248Z] ERROR in GET /api/admin/locations (RAW SQL):
TypeError: this._createPrismaPromise is not a function
    at Proxy.$queryRawUnsafe (/Users/vonpeper/Documents/Antigravity/Vendetta/node_modules/@prisma/client/runtime/client.js:75:3377)
    at GET (/Users/vonpeper/Documents/Antigravity/Vendetta/.next/dev/server/chunks/[root-of-the-server]__03z81s~._.js:194:154)
    at AsyncLocalStorage.run (node:internal/async_local_storage/async_hooks:80:14)
    at AppRouteRouteModule.do (/Users/vonpeper/Documents/Antigravity/Vendetta/node_modules/next/dist/compiled/next-server/app-route-turbo.runtime.dev.js:5:40179)
    at /Users/vonpeper/Documents/Antigravity/Vendetta/node_modules/next/dist/compiled/next-server/app-route-turbo.runtime.dev.js:5:50078
    at /Users/vonpeper/Documents/Antigravity/Vendetta/node_modules/next/dist/server/lib/trace/tracer.js:195:36
    at NoopContextManager.with (/Users/vonpeper/Documents/Antigravity/Vendetta/node_modules/next/dist/compiled/@opentelemetry/api/index.js:1:7062)
    at ContextAPI.with (/Users/vonpeper/Documents/Antigravity/Vendetta/node_modules/next/dist/compiled/@opentelemetry/api/index.js:1:518)
    at NoopTracer.startActiveSpan (/Users/vonpeper/Documents/Antigravity/Vendetta/node_modules/next/dist/compiled/@opentelemetry/api/index.js:1:18093)
    at ProxyTracer.startActiveSpan (/Users/vonpeper/Documents/Antigravity/Vendetta/node_modules/next/dist/compiled/@opentelemetry/api/index.js:1:18854)
    at /Users/vonpeper/Documents/Antigravity/Vendetta/node_modules/next/dist/server/lib/trace/tracer.js:164:103
    at NoopContextManager.with (/Users/vonpeper/Documents/Antigravity/Vendetta/node_modules/next/dist/compiled/@opentelemetry/api/index.js:1:7062)
    at ContextAPI.with (/Users/vonpeper/Documents/Antigravity/Vendetta/node_modules/next/dist/compiled/@opentelemetry/api/index.js:1:518)
    at NextTracerImpl.trace (/Users/vonpeper/Documents/Antigravity/Vendetta/node_modules/next/dist/server/lib/trace/tracer.js:164:28)
    at /Users/vonpeper/Documents/Antigravity/Vendetta/node_modules/next/dist/compiled/next-server/app-route-turbo.runtime.dev.js:5:49917
    at AsyncLocalStorage.run (node:internal/async_local_storage/async_hooks:91:14)
    at /Users/vonpeper/Documents/Antigravity/Vendetta/node_modules/next/dist/compiled/next-server/app-route-turbo.runtime.dev.js:5:47440
    at AsyncLocalStorage.run (node:internal/async_local_storage/async_hooks:91:14)
    at /Users/vonpeper/Documents/Antigravity/Vendetta/node_modules/next/dist/compiled/next-server/app-route-turbo.runtime.dev.js:5:47397
    at AsyncLocalStorage.run (node:internal/async_local_storage/async_hooks:91:14)
    at AppRouteRouteModule.handle (/Users/vonpeper/Documents/Antigravity/Vendetta/node_modules/next/dist/compiled/next-server/app-route-turbo.runtime.dev.js:5:47351)
    at async responseGenerator (/Users/vonpeper/Documents/Antigravity/Vendetta/.next/dev/server/chunks/[root-of-the-server]__12h2mhu._.js:11730:38)
    at async AppRouteRouteModule.handleResponse (/Users/vonpeper/Documents/Antigravity/Vendetta/node_modules/next/dist/compiled/next-server/app-route-turbo.runtime.dev.js:1:227216)
    at async handleResponse (/Users/vonpeper/Documents/Antigravity/Vendetta/.next/dev/server/chunks/[root-of-the-server]__12h2mhu._.js:11793:32)
    at async Module.handler (/Users/vonpeper/Documents/Antigravity/Vendetta/.next/dev/server/chunks/[root-of-the-server]__12h2mhu._.js:11847:13)
    at async DevServer.renderToResponseWithComponentsImpl (/Users/vonpeper/Documents/Antigravity/Vendetta/node_modules/next/dist/server/base-server.js:1454:9)
    at async DevServer.renderPageComponent (/Users/vonpeper/Documents/Antigravity/Vendetta/node_modules/next/dist/server/base-server.js:1506:24)
    at async DevServer.renderToResponseImpl (/Users/vonpeper/Documents/Antigravity/Vendetta/node_modules/next/dist/server/base-server.js:1556:32)
    at async DevServer.pipeImpl (/Users/vonpeper/Documents/Antigravity/Vendetta/node_modules/next/dist/server/base-server.js:1043:25)
    at async NextNodeServer.handleCatchallRenderRequest (/Users/vonpeper/Documents/Antigravity/Vendetta/node_modules/next/dist/server/next-server.js:338:17)
    at async DevServer.handleRequestImpl (/Users/vonpeper/Documents/Antigravity/Vendetta/node_modules/next/dist/server/base-server.js:934:17)
    at async /Users/vonpeper/Documents/Antigravity/Vendetta/node_modules/next/dist/server/dev/next-dev-server.js:394:20
    at async Span.traceAsyncFn (/Users/vonpeper/Documents/Antigravity/Vendetta/node_modules/next/dist/trace/trace.js:164:20)
    at async DevServer.handleRequest (/Users/vonpeper/Documents/Antigravity/Vendetta/node_modules/next/dist/server/dev/next-dev-server.js:390:24)
    at async invokeRender (/Users/vonpeper/Documents/Antigravity/Vendetta/node_modules/next/dist/server/lib/router-server.js:266:21)
    at async handleRequest (/Users/vonpeper/Documents/Antigravity/Vendetta/node_modules/next/dist/server/lib/router-server.js:465:24)
    at async requestHandlerImpl (/Users/vonpeper/Documents/Antigravity/Vendetta/node_modules/next/dist/server/lib/router-server.js:514:13)
    at async Server.requestListener (/Users/vonpeper/Documents/Antigravity/Vendetta/node_modules/next/dist/server/lib/start-server.js:225:13)

