
> vendetta-app@0.1.0 dev
> next dev -p 3005 -p 3005

▲ Next.js 16.2.2 (Turbopack)
- Local:         http://localhost:3005
- Network:       http://192.168.100.34:3005
- Environments: .env
✓ Ready in 438ms
⚠ `eslint` configuration in next.config.ts is no longer supported. See more info here: https://nextjs.org/docs/app/api-reference/cli/next#next-lint-options
⚠ Invalid next.config.ts options detected: 
⚠     Unrecognized key(s) in object: 'eslint'
⚠ See more info here: https://nextjs.org/docs/messages/invalid-next-config

○ Compiling /auth/login ...
 GET /auth/login 200 in 7.3s (next.js: 6.5s, proxy.ts: 11ms, application-code: 797ms)
 GET /auth/login 200 in 1757ms (next.js: 48ms, proxy.ts: 45ms, application-code: 1664ms)
 GET /admin/eventualidades 200 in 6.2s (next.js: 4.0s, proxy.ts: 51ms, application-code: 2.1s)
 GET / 200 in 7.7s (next.js: 4.5s, proxy.ts: 55ms, application-code: 3.2s)
📡 [DB RAW] Query: SELECT * FROM Location
 GET /api/rescue-check 200 in 822ms (next.js: 800ms, application-code: 23ms)
 GET /auth/login 200 in 224ms (next.js: 11ms, proxy.ts: 6ms, application-code: 207ms)
 GET /auth/login 200 in 286ms (next.js: 33ms, proxy.ts: 15ms, application-code: 239ms)
 GET /auth/login 200 in 360ms (next.js: 150ms, proxy.ts: 27ms, application-code: 183ms)
VENDETTA_DB_DIAG: Iniciando fetch de datos para el dashboard...
 GET /admin 200 in 4.4s (next.js: 3.2s, proxy.ts: 42ms, application-code: 1169ms)
🔥 Intento de login POST recibido para: admin@vendetta.com
🔥 ERROR EN SIGNIN: Error: NEXT_REDIRECT
    at async loginAction (src/actions/auth.ts:13:5)
  11 |     console.log("🔥 Intento de login POST recibido para:", email)
  12 |
> 13 |     await signIn("credentials", { 
     |     ^
  14 |       email, 
  15 |       password, 
  16 |       redirectTo: "/admin"  {
  digest: 'NEXT_REDIRECT;push;http://localhost:3005/admin;307;'
}
VENDETTA_DB_DIAG: Iniciando fetch de datos para el dashboard...
 GET /admin 200 in 75ms (next.js: 8ms, proxy.ts: 6ms, application-code: 62ms)
 POST /auth/login 303 in 658ms (next.js: 40ms, proxy.ts: 24ms, application-code: 594ms)
  └─ ƒ loginAction(null, {}) in 447ms src/actions/auth.ts
[browser] Detected `scroll-behavior: smooth` on the `<html>` element. To disable smooth scrolling during route transitions, add `data-scroll-behavior="smooth"` to your <html> element. Learn more: https://nextjs.org/docs/messages/missing-data-scroll-behavior
 GET /admin/clientes 200 in 887ms (next.js: 845ms, proxy.ts: 5ms, application-code: 37ms)
📡 [DB RAW] Query: SELECT * FROM Location ORDER BY name ASC
🚀 [V2_NUCLEAR_SUCCESS] GET /api/admin/locations: Recompilation Verified.
 GET /api/admin/locations?t=1776186526936 200 in 180ms (next.js: 150ms, application-code: 30ms)
📡 [DB RAW] Query: SELECT * FROM Location ORDER BY name ASC
🚀 [V2_NUCLEAR_SUCCESS] GET /api/admin/locations: Recompilation Verified.
 GET /api/admin/locations?t=1776186526924 200 in 191ms (next.js: 183ms, application-code: 8ms)
[browser] React does not recognize the `asChild` prop on a DOM element. If you intentionally want it to appear in the DOM as a custom attribute, spell it as lowercase `aschild` instead. If you accidentally passed it from a parent component, remove it from the DOM element. 
 GET /admin/eventualidades 200 in 51ms (next.js: 6ms, proxy.ts: 14ms, application-code: 30ms)
📡 [DB RAW] Query: SELECT * FROM Location ORDER BY name ASC
🚀 [V2_NUCLEAR_SUCCESS] GET /api/admin/locations: Recompilation Verified.
 GET /api/admin/locations 200 in 11ms (next.js: 4ms, application-code: 7ms)
📡 [DB RAW] Query: SELECT * FROM Location ORDER BY name ASC
🚀 [V2_NUCLEAR_SUCCESS] GET /api/admin/locations: Recompilation Verified.
 GET /api/admin/locations 200 in 10ms (next.js: 3ms, application-code: 7ms)
updateBandEvent: TypeError: __TURBOPACK__imported__module__$5b$project$5d2f$src$2f$lib$2f$db$2e$ts__$5b$app$2d$rsc$5d$__$28$ecmascript$29$__.db.bandEvent.update is not a function
    at updateBandEventAction (src/actions/band-events.ts:120:24)
  118 |     const total = data.totalIncome > 0 ? data.totalIncome : base + iva
  119 |
> 120 |     await db.bandEvent.update({
      |                        ^
  121 |       where: { id },
  122 |       data: {
  123 |         eventDate:     date,
 POST /admin/eventualidades 200 in 306ms (next.js: 4ms, proxy.ts: 16ms, application-code: 286ms)
  └─ ƒ updateBandEventAction(null, {}) in 230ms src/actions/band-events.ts
⨯ ReferenceError: formatDateMX is not defined
    at <unknown> (src/app/admin/ventas/page.tsx:175:17)
    at Array.map (<anonymous>)
    at ContratosGrid (src/app/admin/ventas/page.tsx:159:14)
  173 |             <div className="space-y-1.5">
  174 |               <div className="flex items-center gap-2 text-xs text-gray-300">
> 175 |                 <Calendar className="w-3 h-3 text-muted-foreground" /> {formatDateMX(c.re...
      |                 ^
  176 |               </div>
  177 |               <div className="flex items-center gap-2 text-xs text-gray-300">
  178 |                 <Clock className="w-3 h-3 text-muted-foreground" /> {c.startTime} a {c.en... {
  digest: '2530232932'
}
 GET /admin/ventas 200 in 615ms (next.js: 555ms, proxy.ts: 18ms, application-code: 41ms)
[browser] Uncaught ReferenceError: formatDateMX is not defined
    at <anonymous> (src/app/admin/ventas/page.tsx:175:17)
    at Array.map (<anonymous>:1:18)
    at ContratosGrid (src/app/admin/ventas/page.tsx:159:14)
    at TabsContent (src/components/ui/tabs.tsx:74:5)
    at AdminVentasPage (src/app/admin/ventas/page.tsx:142:9)
  173 |             <div className="space-y-1.5">
  174 |               <div className="flex items-center gap-2 text-xs text-gray-300">
> 175 |                 <Calendar className="w-3 h-3 text-muted-foreground" /> {formatDateMX(c.re...
      |                 ^
  176 |               </div>
  177 |               <div className="flex items-center gap-2 text-xs text-gray-300">
  178 |                 <Clock className="w-3 h-3 text-muted-foreground" /> {c.startTime} a {c.en...
✓ Compiled in 415ms
⨯ ReferenceError: formatDateMX is not defined
    at <unknown> (src/app/admin/ventas/page.tsx:175:17)
    at Array.map (<anonymous>)
    at ContratosGrid (src/app/admin/ventas/page.tsx:159:14)
  173 |             <div className="space-y-1.5">
  174 |               <div className="flex items-center gap-2 text-xs text-gray-300">
> 175 |                 <Calendar className="w-3 h-3 text-muted-foreground" /> {formatDateMX(c.re...
      |                 ^
  176 |               </div>
  177 |               <div className="flex items-center gap-2 text-xs text-gray-300">
  178 |                 <Clock className="w-3 h-3 text-muted-foreground" /> {c.startTime} a {c.en... {
  digest: '2530232932'
}
 GET /admin/ventas 200 in 522ms (next.js: 17ms, proxy.ts: 83ms, application-code: 421ms)
