
> vendetta-app@0.1.0 dev
> next dev -p 3005 -p 3005

▲ Next.js 16.2.2 (Turbopack)
- Local:         http://localhost:3005
- Network:       http://192.168.100.132:3005
- Environments: .env
✓ Ready in 373ms
⚠ `eslint` configuration in next.config.ts is no longer supported. See more info here: https://nextjs.org/docs/app/api-reference/cli/next#next-lint-options
⚠ Invalid next.config.ts options detected: 
⚠     Unrecognized key(s) in object: 'eslint'
⚠ See more info here: https://nextjs.org/docs/messages/invalid-next-config

 GET /auth/login 200 in 832ms (next.js: 141ms, proxy.ts: 182ms, application-code: 510ms)
VENDETTA_DB_DIAG: Iniciando fetch de datos para el dashboard...
 GET /admin/eventualidades 200 in 1290ms (next.js: 126ms, proxy.ts: 632ms, application-code: 531ms)
 GET /admin 200 in 1335ms (next.js: 60ms, proxy.ts: 636ms, application-code: 639ms)
 GET /auth/login 200 in 135ms (next.js: 8ms, proxy.ts: 10ms, application-code: 117ms)
 GET /auth/login 200 in 130ms (next.js: 10ms, proxy.ts: 9ms, application-code: 111ms)
📡 [DB RAW] Query: SELECT * FROM Location
 GET /api/rescue-check 200 in 1890ms (next.js: 1789ms, application-code: 101ms)
VENDETTA_DB_DIAG: Iniciando fetch de datos para el dashboard...
 GET /admin 200 in 178ms (next.js: 16ms, proxy.ts: 42ms, application-code: 120ms)
VENDETTA_DB_DIAG: Iniciando fetch de datos para el dashboard...
 GET /admin 200 in 128ms (next.js: 3ms, proxy.ts: 6ms, application-code: 119ms)
VENDETTA_DB_DIAG: Iniciando fetch de datos para el dashboard...
 GET /admin 200 in 113ms (next.js: 5ms, proxy.ts: 10ms, application-code: 99ms)
VENDETTA_DB_DIAG: Iniciando fetch de datos para el dashboard...
 GET /admin 200 in 121ms (next.js: 4ms, proxy.ts: 12ms, application-code: 105ms)
 GET /admin 200 in 31ms (next.js: 4ms, proxy.ts: 13ms, application-code: 13ms)
VENDETTA_DB_DIAG: Iniciando fetch de datos para el dashboard...
 GET /admin 200 in 42ms (next.js: 2ms, proxy.ts: 6ms, application-code: 33ms)
 GET /admin/clientes 200 in 1235ms (next.js: 1188ms, proxy.ts: 16ms, application-code: 31ms)
[browser] Detected `scroll-behavior: smooth` on the `<html>` element. To disable smooth scrolling during route transitions, add `data-scroll-behavior="smooth"` to your <html> element. Learn more: https://nextjs.org/docs/messages/missing-data-scroll-behavior
 GET /admin/clientes 200 in 30ms (next.js: 2ms, proxy.ts: 8ms, application-code: 20ms)
VENDETTA_DB_DIAG: Iniciando fetch de datos para el dashboard...
 GET /admin 200 in 85ms (next.js: 22ms, proxy.ts: 17ms, application-code: 45ms)
 GET /admin/clientes 200 in 46ms (next.js: 5ms, proxy.ts: 14ms, application-code: 28ms)
 GET /admin/clientes 200 in 253ms (next.js: 32ms, proxy.ts: 37ms, application-code: 183ms)
 GET /admin/clientes 200 in 12ms (next.js: 2ms, proxy.ts: 5ms, application-code: 5ms)
 GET /admin/clientes 200 in 23ms (next.js: 1364µs, proxy.ts: 6ms, application-code: 17ms)
📡 [DB RAW] Query: SELECT * FROM Location ORDER BY name ASC
 GET /admin/eventos 200 in 944ms (next.js: 843ms, proxy.ts: 7ms, application-code: 94ms)
[browser] Detected `scroll-behavior: smooth` on the `<html>` element. To disable smooth scrolling during route transitions, add `data-scroll-behavior="smooth"` to your <html> element. Learn more: https://nextjs.org/docs/messages/missing-data-scroll-behavior
⨯ TypeError: {imported module ./src/lib/db.ts}.db.bookingRequest.updateMany is not a function
    at AdminVentasPage (src/app/admin/ventas/page.tsx:32:27)
  30 |
  31 |   // 1. Saneamiento automático
> 32 |   await db.bookingRequest.updateMany({
     |                           ^
  33 |     where: { status: "pending", createdAt: { lt: expirationThreshold } },
  34 |     data: { status: "EXPIRED" }
  35 |   }) {
  digest: '2807014058'
}
 GET /admin/ventas 200 in 716ms (next.js: 657ms, proxy.ts: 13ms, application-code: 46ms)
[browser] Uncaught TypeError: __TURBOPACK__imported__module__$5b$project$5d2f$src$2f$lib$2f$db$2e$ts__$5b$app$2d$rsc$5d$__$28$ecmascript$29$__.db.bookingRequest.updateMany is not a function
    at AdminVentasPage (src/app/admin/ventas/page.tsx:32:27)
  30 |
  31 |   // 1. Saneamiento automático
> 32 |   await db.bookingRequest.updateMany({
     |                           ^
  33 |     where: { status: "pending", createdAt: { lt: expirationThreshold } },
  34 |     data: { status: "EXPIRED" }
  35 |   })
✓ Compiled in 745ms
⨯ ReferenceError: formatDateMX is not defined
    at <unknown> (src/app/admin/ventas/page.tsx:175:17)
    at Array.map (<anonymous>)
    at ContratosGrid (src/app/admin/ventas/page.tsx:159:14)
  173 |             <div className="space-y-1.5">
  174 |               <div className="flex items-center gap-2 text-xs text-gray-300">
> 175 |                 <Calendar className="w-3 h-3 text-muted-foreground" /> {formatDateMX(c.re...
      |                 ^
  176 |               </div>
  177 |               <div className="flex items-center gap-2 text-xs text-gray-300">
  178 |                 <Clock className="w-3 h-3 text-muted-foreground" /> {c.startTime} a {c.en... {
  digest: '3283314286'
}
 GET /auth/login 200 in 407ms (next.js: 43ms, proxy.ts: 22ms, application-code: 342ms)
 GET /auth/login 200 in 359ms (next.js: 6ms, proxy.ts: 3ms, application-code: 350ms)
 GET /admin/eventualidades 200 in 524ms (next.js: 207ms, proxy.ts: 131ms, application-code: 187ms)
 GET /auth/login 200 in 405ms (next.js: 12ms, proxy.ts: 251ms, application-code: 143ms)
 GET /admin/ventas 200 in 611ms (next.js: 9ms, proxy.ts: 144ms, application-code: 458ms)
 GET /auth/login 200 in 212ms (next.js: 14ms, proxy.ts: 11ms, application-code: 187ms)
 GET /admin/eventualidades 200 in 334ms (next.js: 15ms, proxy.ts: 140ms, application-code: 179ms)
 GET /auth/login 200 in 212ms (next.js: 37ms, proxy.ts: 24ms, application-code: 151ms)
 GET /auth/login 200 in 205ms (next.js: 20ms, proxy.ts: 55ms, application-code: 130ms)
 GET /admin/eventualidades 200 in 235ms (next.js: 3ms, proxy.ts: 135ms, application-code: 97ms)
 GET /admin/eventualidades 200 in 154ms (next.js: 7ms, proxy.ts: 51ms, application-code: 96ms)
 GET /admin/eventualidades 200 in 60ms (next.js: 3ms, proxy.ts: 18ms, application-code: 40ms)
 GET /admin/eventualidades 200 in 34ms (next.js: 3ms, proxy.ts: 9ms, application-code: 22ms)
