
> vendetta-app@0.1.0 dev
> next dev -p 3005 -p 3005

▲ Next.js 16.2.2 (Turbopack)
- Local:         http://localhost:3005
- Network:       http://192.168.100.132:3005
- Environments: .env
✓ Ready in 353ms
⚠ `eslint` configuration in next.config.ts is no longer supported. See more info here: https://nextjs.org/docs/app/api-reference/cli/next#next-lint-options
⚠ Invalid next.config.ts options detected: 
⚠     Unrecognized key(s) in object: 'eslint'
⚠ See more info here: https://nextjs.org/docs/messages/invalid-next-config

 GET /auth/login 200 in 1004ms (next.js: 112ms, proxy.ts: 418ms, application-code: 474ms)
 GET /auth/login 200 in 396ms (next.js: 22ms, proxy.ts: 45ms, application-code: 329ms)
⨯ TypeError: {imported module ./src/lib/db.ts}.db.bookingRequest.updateMany is not a function
    at AdminVentasPage (src/app/admin/ventas/page.tsx:32:27)
  30 |
  31 |   // 1. Saneamiento automático
> 32 |   await db.bookingRequest.updateMany({
     |                           ^
  33 |     where: { status: "pending", createdAt: { lt: expirationThreshold } },
  34 |     data: { status: "EXPIRED" }
  35 |   }) {
  digest: '2259016653'
}
 GET /admin/ventas 500 in 1649ms (next.js: 44ms, proxy.ts: 776ms, application-code: 829ms)
 GET /admin/eventualidades 200 in 1286ms (next.js: 120ms, proxy.ts: 409ms, application-code: 757ms)
[browser] Uncaught TypeError: __TURBOPACK__imported__module__$5b$project$5d2f$src$2f$lib$2f$db$2e$ts__$5b$app$2d$rsc$5d$__$28$ecmascript$29$__.db.bookingRequest.updateMany is not a function
    at AdminVentasPage (src/app/admin/ventas/page.tsx:32:27)
  30 |
  31 |   // 1. Saneamiento automático
> 32 |   await db.bookingRequest.updateMany({
     |                           ^
  33 |     where: { status: "pending", createdAt: { lt: expirationThreshold } },
  34 |     data: { status: "EXPIRED" }
  35 |   })
 GET /auth/login 200 in 70ms (next.js: 6ms, proxy.ts: 8ms, application-code: 56ms)
🔥 Intento de login POST recibido para: admin@vendetta.com
[31m[auth][error][0m CredentialsSignin: Read more at https://errors.authjs.dev#credentialssignin
    at Module.callback (/Users/vonpeper/Documents/Antigravity/Vendetta/.next/dev/server/chunks/ssr/[root-of-the-server]__0jzonn~._.js:11707:30)
    at async AuthInternal (/Users/vonpeper/Documents/Antigravity/Vendetta/.next/dev/server/chunks/ssr/[root-of-the-server]__0jzonn~._.js:12541:24)
    at async Auth (/Users/vonpeper/Documents/Antigravity/Vendetta/.next/dev/server/chunks/ssr/[root-of-the-server]__0jzonn~._.js:12763:34)
    at async signIn (/Users/vonpeper/Documents/Antigravity/Vendetta/.next/dev/server/chunks/ssr/[root-of-the-server]__0jzonn~._.js:20982:17)
    at async loginAction (/Users/vonpeper/Documents/Antigravity/Vendetta/.next/dev/server/chunks/ssr/[root-of-the-server]__00j6m5f._.js:376:9)
    at async executeActionAndPrepareForRender (/Users/vonpeper/Documents/Antigravity/Vendetta/node_modules/next/dist/compiled/next-server/app-page-turbo.runtime.dev.js:64:5248)
    at async /Users/vonpeper/Documents/Antigravity/Vendetta/node_modules/next/dist/compiled/next-server/app-page-turbo.runtime.dev.js:64:1986
    at async handleAction (/Users/vonpeper/Documents/Antigravity/Vendetta/node_modules/next/dist/compiled/next-server/app-page-turbo.runtime.dev.js:62:25378)
    at async renderToHTMLOrFlightImpl (/Users/vonpeper/Documents/Antigravity/Vendetta/node_modules/next/dist/compiled/next-server/app-page-turbo.runtime.dev.js:69:55630)
    at async doRender (/Users/vonpeper/Documents/Antigravity/Vendetta/.next/dev/server/chunks/ssr/node_modules_0se_bxu._.js:4495:28)
    at async AppPageRouteModule.handleResponse (/Users/vonpeper/Documents/Antigravity/Vendetta/node_modules/next/dist/compiled/next-server/app-page-turbo.runtime.dev.js:71:63567)
    at async handleResponse (/Users/vonpeper/Documents/Antigravity/Vendetta/.next/dev/server/chunks/ssr/node_modules_0se_bxu._.js:4770:32)
    at async Module.handler (/Users/vonpeper/Documents/Antigravity/Vendetta/.next/dev/server/chunks/ssr/node_modules_0se_bxu._.js:5173:20)
    at async DevServer.renderToResponseWithComponentsImpl (/Users/vonpeper/Documents/Antigravity/Vendetta/node_modules/next/dist/server/base-server.js:1454:9)
    at async DevServer.renderPageComponent (/Users/vonpeper/Documents/Antigravity/Vendetta/node_modules/next/dist/server/base-server.js:1506:24)
    at async DevServer.renderToResponseImpl (/Users/vonpeper/Documents/Antigravity/Vendetta/node_modules/next/dist/server/base-server.js:1556:32)
    at async DevServer.pipeImpl (/Users/vonpeper/Documents/Antigravity/Vendetta/node_modules/next/dist/server/base-server.js:1043:25)
    at async NextNodeServer.handleCatchallRenderRequest (/Users/vonpeper/Documents/Antigravity/Vendetta/node_modules/next/dist/server/next-server.js:338:17)
    at async DevServer.handleRequestImpl (/Users/vonpeper/Documents/Antigravity/Vendetta/node_modules/next/dist/server/base-server.js:934:17)
    at async /Users/vonpeper/Documents/Antigravity/Vendetta/node_modules/next/dist/server/dev/next-dev-server.js:394:20
    at async Span.traceAsyncFn (/Users/vonpeper/Documents/Antigravity/Vendetta/node_modules/next/dist/trace/trace.js:164:20)
    at async DevServer.handleRequest (/Users/vonpeper/Documents/Antigravity/Vendetta/node_modules/next/dist/server/dev/next-dev-server.js:390:24)
    at async invokeRender (/Users/vonpeper/Documents/Antigravity/Vendetta/node_modules/next/dist/server/lib/router-server.js:266:21)
    at async handleRequest (/Users/vonpeper/Documents/Antigravity/Vendetta/node_modules/next/dist/server/lib/router-server.js:465:24)
    at async requestHandlerImpl (/Users/vonpeper/Documents/Antigravity/Vendetta/node_modules/next/dist/server/lib/router-server.js:514:13)
    at async Server.requestListener (/Users/vonpeper/Documents/Antigravity/Vendetta/node_modules/next/dist/server/lib/start-server.js:225:13)
🔥 ERROR EN SIGNIN: CredentialsSignin: Read more at https://errors.authjs.dev#credentialssignin
    at async loginAction (src/actions/auth.ts:13:5)
  11 |     console.log("🔥 Intento de login POST recibido para:", email)
  12 |
> 13 |     await signIn("credentials", { 
     |     ^
  14 |       email, 
  15 |       password, 
  16 |       redirectTo: "/admin"  {
  type: 'CredentialsSignin',
  kind: 'signIn',
  code: 'credentials'
}
 POST /auth/login 200 in 589ms (next.js: 9ms, proxy.ts: 10ms, application-code: 571ms)
  └─ ƒ loginAction(null, {}) in 514ms src/actions/auth.ts
 GET /api/rescue-check 200 in 104ms (next.js: 88ms, application-code: 17ms)
 GET /auth/login 200 in 125ms (next.js: 10ms, proxy.ts: 24ms, application-code: 92ms)
🔥 Intento de login POST recibido para: admin@vendetta.com
[31m[auth][error][0m CredentialsSignin: Read more at https://errors.authjs.dev#credentialssignin
    at Module.callback (/Users/vonpeper/Documents/Antigravity/Vendetta/.next/dev/server/chunks/ssr/[root-of-the-server]__0jzonn~._.js:11707:30)
    at async AuthInternal (/Users/vonpeper/Documents/Antigravity/Vendetta/.next/dev/server/chunks/ssr/[root-of-the-server]__0jzonn~._.js:12541:24)
    at async Auth (/Users/vonpeper/Documents/Antigravity/Vendetta/.next/dev/server/chunks/ssr/[root-of-the-server]__0jzonn~._.js:12763:34)
    at async signIn (/Users/vonpeper/Documents/Antigravity/Vendetta/.next/dev/server/chunks/ssr/[root-of-the-server]__0jzonn~._.js:20982:17)
    at async loginAction (/Users/vonpeper/Documents/Antigravity/Vendetta/.next/dev/server/chunks/ssr/[root-of-the-server]__00j6m5f._.js:376:9)
    at async executeActionAndPrepareForRender (/Users/vonpeper/Documents/Antigravity/Vendetta/node_modules/next/dist/compiled/next-server/app-page-turbo.runtime.dev.js:64:5248)
    at async /Users/vonpeper/Documents/Antigravity/Vendetta/node_modules/next/dist/compiled/next-server/app-page-turbo.runtime.dev.js:64:1986
    at async handleAction (/Users/vonpeper/Documents/Antigravity/Vendetta/node_modules/next/dist/compiled/next-server/app-page-turbo.runtime.dev.js:62:25378)
    at async renderToHTMLOrFlightImpl (/Users/vonpeper/Documents/Antigravity/Vendetta/node_modules/next/dist/compiled/next-server/app-page-turbo.runtime.dev.js:69:55630)
    at async doRender (/Users/vonpeper/Documents/Antigravity/Vendetta/.next/dev/server/chunks/ssr/node_modules_0se_bxu._.js:4495:28)
    at async AppPageRouteModule.handleResponse (/Users/vonpeper/Documents/Antigravity/Vendetta/node_modules/next/dist/compiled/next-server/app-page-turbo.runtime.dev.js:71:63567)
    at async handleResponse (/Users/vonpeper/Documents/Antigravity/Vendetta/.next/dev/server/chunks/ssr/node_modules_0se_bxu._.js:4770:32)
    at async Module.handler (/Users/vonpeper/Documents/Antigravity/Vendetta/.next/dev/server/chunks/ssr/node_modules_0se_bxu._.js:5173:20)
    at async DevServer.renderToResponseWithComponentsImpl (/Users/vonpeper/Documents/Antigravity/Vendetta/node_modules/next/dist/server/base-server.js:1454:9)
    at async DevServer.renderPageComponent (/Users/vonpeper/Documents/Antigravity/Vendetta/node_modules/next/dist/server/base-server.js:1506:24)
    at async DevServer.renderToResponseImpl (/Users/vonpeper/Documents/Antigravity/Vendetta/node_modules/next/dist/server/base-server.js:1556:32)
    at async DevServer.pipeImpl (/Users/vonpeper/Documents/Antigravity/Vendetta/node_modules/next/dist/server/base-server.js:1043:25)
    at async NextNodeServer.handleCatchallRenderRequest (/Users/vonpeper/Documents/Antigravity/Vendetta/node_modules/next/dist/server/next-server.js:338:17)
    at async DevServer.handleRequestImpl (/Users/vonpeper/Documents/Antigravity/Vendetta/node_modules/next/dist/server/base-server.js:934:17)
    at async /Users/vonpeper/Documents/Antigravity/Vendetta/node_modules/next/dist/server/dev/next-dev-server.js:394:20
    at async Span.traceAsyncFn (/Users/vonpeper/Documents/Antigravity/Vendetta/node_modules/next/dist/trace/trace.js:164:20)
    at async DevServer.handleRequest (/Users/vonpeper/Documents/Antigravity/Vendetta/node_modules/next/dist/server/dev/next-dev-server.js:390:24)
    at async invokeRender (/Users/vonpeper/Documents/Antigravity/Vendetta/node_modules/next/dist/server/lib/router-server.js:266:21)
    at async handleRequest (/Users/vonpeper/Documents/Antigravity/Vendetta/node_modules/next/dist/server/lib/router-server.js:465:24)
    at async requestHandlerImpl (/Users/vonpeper/Documents/Antigravity/Vendetta/node_modules/next/dist/server/lib/router-server.js:514:13)
    at async Server.requestListener (/Users/vonpeper/Documents/Antigravity/Vendetta/node_modules/next/dist/server/lib/start-server.js:225:13)
🔥 ERROR EN SIGNIN: CredentialsSignin: Read more at https://errors.authjs.dev#credentialssignin
    at async loginAction (src/actions/auth.ts:13:5)
  11 |     console.log("🔥 Intento de login POST recibido para:", email)
  12 |
> 13 |     await signIn("credentials", { 
     |     ^
  14 |       email, 
  15 |       password, 
  16 |       redirectTo: "/admin"  {
  type: 'CredentialsSignin',
  kind: 'signIn',
  code: 'credentials'
}
 POST /auth/login 200 in 493ms (next.js: 10ms, proxy.ts: 14ms, application-code: 469ms)
  └─ ƒ loginAction(null, {}) in 446ms src/actions/auth.ts
 GET /api/rescue-check 200 in 39ms (next.js: 30ms, application-code: 8ms)
 GET /auth/login 200 in 260ms (next.js: 5ms, proxy.ts: 12ms, application-code: 242ms)
🔥 Intento de login POST recibido para: admin@vendetta.com
[31m[auth][error][0m CredentialsSignin: Read more at https://errors.authjs.dev#credentialssignin
    at Module.callback (/Users/vonpeper/Documents/Antigravity/Vendetta/.next/dev/server/chunks/ssr/[root-of-the-server]__0jzonn~._.js:11707:30)
    at async AuthInternal (/Users/vonpeper/Documents/Antigravity/Vendetta/.next/dev/server/chunks/ssr/[root-of-the-server]__0jzonn~._.js:12541:24)
    at async Auth (/Users/vonpeper/Documents/Antigravity/Vendetta/.next/dev/server/chunks/ssr/[root-of-the-server]__0jzonn~._.js:12763:34)
    at async signIn (/Users/vonpeper/Documents/Antigravity/Vendetta/.next/dev/server/chunks/ssr/[root-of-the-server]__0jzonn~._.js:20982:17)
    at async loginAction (/Users/vonpeper/Documents/Antigravity/Vendetta/.next/dev/server/chunks/ssr/[root-of-the-server]__00j6m5f._.js:376:9)
    at async executeActionAndPrepareForRender (/Users/vonpeper/Documents/Antigravity/Vendetta/node_modules/next/dist/compiled/next-server/app-page-turbo.runtime.dev.js:64:5248)
    at async /Users/vonpeper/Documents/Antigravity/Vendetta/node_modules/next/dist/compiled/next-server/app-page-turbo.runtime.dev.js:64:1986
    at async handleAction (/Users/vonpeper/Documents/Antigravity/Vendetta/node_modules/next/dist/compiled/next-server/app-page-turbo.runtime.dev.js:62:25378)
    at async renderToHTMLOrFlightImpl (/Users/vonpeper/Documents/Antigravity/Vendetta/node_modules/next/dist/compiled/next-server/app-page-turbo.runtime.dev.js:69:55630)
    at async doRender (/Users/vonpeper/Documents/Antigravity/Vendetta/.next/dev/server/chunks/ssr/node_modules_0se_bxu._.js:4495:28)
    at async AppPageRouteModule.handleResponse (/Users/vonpeper/Documents/Antigravity/Vendetta/node_modules/next/dist/compiled/next-server/app-page-turbo.runtime.dev.js:71:63567)
    at async handleResponse (/Users/vonpeper/Documents/Antigravity/Vendetta/.next/dev/server/chunks/ssr/node_modules_0se_bxu._.js:4770:32)
    at async Module.handler (/Users/vonpeper/Documents/Antigravity/Vendetta/.next/dev/server/chunks/ssr/node_modules_0se_bxu._.js:5173:20)
    at async DevServer.renderToResponseWithComponentsImpl (/Users/vonpeper/Documents/Antigravity/Vendetta/node_modules/next/dist/server/base-server.js:1454:9)
    at async DevServer.renderPageComponent (/Users/vonpeper/Documents/Antigravity/Vendetta/node_modules/next/dist/server/base-server.js:1506:24)
    at async DevServer.renderToResponseImpl (/Users/vonpeper/Documents/Antigravity/Vendetta/node_modules/next/dist/server/base-server.js:1556:32)
    at async DevServer.pipeImpl (/Users/vonpeper/Documents/Antigravity/Vendetta/node_modules/next/dist/server/base-server.js:1043:25)
    at async NextNodeServer.handleCatchallRenderRequest (/Users/vonpeper/Documents/Antigravity/Vendetta/node_modules/next/dist/server/next-server.js:338:17)
    at async DevServer.handleRequestImpl (/Users/vonpeper/Documents/Antigravity/Vendetta/node_modules/next/dist/server/base-server.js:934:17)
    at async /Users/vonpeper/Documents/Antigravity/Vendetta/node_modules/next/dist/server/dev/next-dev-server.js:394:20
    at async Span.traceAsyncFn (/Users/vonpeper/Documents/Antigravity/Vendetta/node_modules/next/dist/trace/trace.js:164:20)
    at async DevServer.handleRequest (/Users/vonpeper/Documents/Antigravity/Vendetta/node_modules/next/dist/server/dev/next-dev-server.js:390:24)
    at async invokeRender (/Users/vonpeper/Documents/Antigravity/Vendetta/node_modules/next/dist/server/lib/router-server.js:266:21)
    at async handleRequest (/Users/vonpeper/Documents/Antigravity/Vendetta/node_modules/next/dist/server/lib/router-server.js:465:24)
    at async requestHandlerImpl (/Users/vonpeper/Documents/Antigravity/Vendetta/node_modules/next/dist/server/lib/router-server.js:514:13)
    at async Server.requestListener (/Users/vonpeper/Documents/Antigravity/Vendetta/node_modules/next/dist/server/lib/start-server.js:225:13)
🔥 ERROR EN SIGNIN: CredentialsSignin: Read more at https://errors.authjs.dev#credentialssignin
    at async loginAction (src/actions/auth.ts:13:5)
  11 |     console.log("🔥 Intento de login POST recibido para:", email)
  12 |
> 13 |     await signIn("credentials", { 
     |     ^
  14 |       email, 
  15 |       password, 
  16 |       redirectTo: "/admin"  {
  type: 'CredentialsSignin',
  kind: 'signIn',
  code: 'credentials'
}
 POST /auth/login 200 in 466ms (next.js: 6ms, proxy.ts: 14ms, application-code: 447ms)
  └─ ƒ loginAction(null, {}) in 432ms src/actions/auth.ts
 GET /api/events 404 in 118ms (next.js: 66ms, application-code: 52ms)
 GET /auth/login 200 in 88ms (next.js: 4ms, proxy.ts: 4ms, application-code: 80ms)
 GET /auth/registro 404 in 76ms (next.js: 14ms, proxy.ts: 9ms, application-code: 53ms)
 GET /api/rescue-check 200 in 50ms (next.js: 22ms, application-code: 28ms)
 GET /auth/login 200 in 73ms (next.js: 5ms, proxy.ts: 15ms, application-code: 54ms)
🔥 Intento de login POST recibido para: admin@vendetta.com
[31m[auth][error][0m CredentialsSignin: Read more at https://errors.authjs.dev#credentialssignin
    at Module.callback (/Users/vonpeper/Documents/Antigravity/Vendetta/.next/dev/server/chunks/ssr/[root-of-the-server]__0jzonn~._.js:11707:30)
    at async AuthInternal (/Users/vonpeper/Documents/Antigravity/Vendetta/.next/dev/server/chunks/ssr/[root-of-the-server]__0jzonn~._.js:12541:24)
    at async Auth (/Users/vonpeper/Documents/Antigravity/Vendetta/.next/dev/server/chunks/ssr/[root-of-the-server]__0jzonn~._.js:12763:34)
    at async signIn (/Users/vonpeper/Documents/Antigravity/Vendetta/.next/dev/server/chunks/ssr/[root-of-the-server]__0jzonn~._.js:20982:17)
    at async loginAction (/Users/vonpeper/Documents/Antigravity/Vendetta/.next/dev/server/chunks/ssr/[root-of-the-server]__00j6m5f._.js:376:9)
    at async executeActionAndPrepareForRender (/Users/vonpeper/Documents/Antigravity/Vendetta/node_modules/next/dist/compiled/next-server/app-page-turbo.runtime.dev.js:64:5248)
    at async /Users/vonpeper/Documents/Antigravity/Vendetta/node_modules/next/dist/compiled/next-server/app-page-turbo.runtime.dev.js:64:1986
    at async handleAction (/Users/vonpeper/Documents/Antigravity/Vendetta/node_modules/next/dist/compiled/next-server/app-page-turbo.runtime.dev.js:62:25378)
    at async renderToHTMLOrFlightImpl (/Users/vonpeper/Documents/Antigravity/Vendetta/node_modules/next/dist/compiled/next-server/app-page-turbo.runtime.dev.js:69:55630)
    at async doRender (/Users/vonpeper/Documents/Antigravity/Vendetta/.next/dev/server/chunks/ssr/node_modules_0se_bxu._.js:4495:28)
    at async AppPageRouteModule.handleResponse (/Users/vonpeper/Documents/Antigravity/Vendetta/node_modules/next/dist/compiled/next-server/app-page-turbo.runtime.dev.js:71:63567)
    at async handleResponse (/Users/vonpeper/Documents/Antigravity/Vendetta/.next/dev/server/chunks/ssr/node_modules_0se_bxu._.js:4770:32)
    at async Module.handler (/Users/vonpeper/Documents/Antigravity/Vendetta/.next/dev/server/chunks/ssr/node_modules_0se_bxu._.js:5173:20)
    at async DevServer.renderToResponseWithComponentsImpl (/Users/vonpeper/Documents/Antigravity/Vendetta/node_modules/next/dist/server/base-server.js:1454:9)
    at async DevServer.renderPageComponent (/Users/vonpeper/Documents/Antigravity/Vendetta/node_modules/next/dist/server/base-server.js:1506:24)
    at async DevServer.renderToResponseImpl (/Users/vonpeper/Documents/Antigravity/Vendetta/node_modules/next/dist/server/base-server.js:1556:32)
    at async DevServer.pipeImpl (/Users/vonpeper/Documents/Antigravity/Vendetta/node_modules/next/dist/server/base-server.js:1043:25)
    at async NextNodeServer.handleCatchallRenderRequest (/Users/vonpeper/Documents/Antigravity/Vendetta/node_modules/next/dist/server/next-server.js:338:17)
    at async DevServer.handleRequestImpl (/Users/vonpeper/Documents/Antigravity/Vendetta/node_modules/next/dist/server/base-server.js:934:17)
    at async /Users/vonpeper/Documents/Antigravity/Vendetta/node_modules/next/dist/server/dev/next-dev-server.js:394:20
    at async Span.traceAsyncFn (/Users/vonpeper/Documents/Antigravity/Vendetta/node_modules/next/dist/trace/trace.js:164:20)
    at async DevServer.handleRequest (/Users/vonpeper/Documents/Antigravity/Vendetta/node_modules/next/dist/server/dev/next-dev-server.js:390:24)
    at async invokeRender (/Users/vonpeper/Documents/Antigravity/Vendetta/node_modules/next/dist/server/lib/router-server.js:266:21)
    at async handleRequest (/Users/vonpeper/Documents/Antigravity/Vendetta/node_modules/next/dist/server/lib/router-server.js:465:24)
    at async requestHandlerImpl (/Users/vonpeper/Documents/Antigravity/Vendetta/node_modules/next/dist/server/lib/router-server.js:514:13)
    at async Server.requestListener (/Users/vonpeper/Documents/Antigravity/Vendetta/node_modules/next/dist/server/lib/start-server.js:225:13)
🔥 ERROR EN SIGNIN: CredentialsSignin: Read more at https://errors.authjs.dev#credentialssignin
    at async loginAction (src/actions/auth.ts:13:5)
  11 |     console.log("🔥 Intento de login POST recibido para:", email)
  12 |
> 13 |     await signIn("credentials", { 
     |     ^
  14 |       email, 
  15 |       password, 
  16 |       redirectTo: "/admin"  {
  type: 'CredentialsSignin',
  kind: 'signIn',
  code: 'credentials'
}
 POST /auth/login 200 in 491ms (next.js: 10ms, proxy.ts: 11ms, application-code: 470ms)
  └─ ƒ loginAction(null, {}) in 451ms src/actions/auth.ts
 GET /api/rescue-check 200 in 8ms (next.js: 2ms, application-code: 5ms)
 GET /api/rescue-check 200 in 44ms (next.js: 26ms, application-code: 18ms)
 GET /api/rescue-check 200 in 40ms (next.js: 16ms, application-code: 24ms)
 GET /api/rescue-check?v=2 200 in 43ms (next.js: 13ms, application-code: 30ms)
 GET /api/rescue-check 200 in 40ms (next.js: 11ms, application-code: 28ms)
 GET /api/rescue-check 200 in 39ms (next.js: 22ms, application-code: 17ms)
 GET /auth/login 200 in 81ms (next.js: 6ms, proxy.ts: 5ms, application-code: 70ms)
 GET /api/rescue-check 200 in 27ms (next.js: 11ms, application-code: 16ms)
 GET /api/rescue-check?phase=2 200 in 12ms (next.js: 6ms, application-code: 6ms)
 GET /api/rescue-check-v2 404 in 53ms (next.js: 7ms, application-code: 46ms)
 GET /api/rescue-check 200 in 29ms (next.js: 6ms, application-code: 22ms)
 GET / 200 in 866ms (next.js: 74ms, proxy.ts: 12ms, application-code: 780ms)
 GET /api/rescue-check 200 in 23ms (next.js: 12ms, application-code: 11ms)
 GET /auth/login 200 in 78ms (next.js: 5ms, proxy.ts: 4ms, application-code: 69ms)
 GET /api/rescue-check 200 in 37ms (next.js: 21ms, application-code: 16ms)
 GET / 200 in 259ms (next.js: 21ms, proxy.ts: 57ms, application-code: 182ms)
VENDETTA_DB_DIAG: Iniciando fetch de datos para el dashboard...
⨯ TypeError: Cannot read properties of undefined (reading 'findMany')
    at AdminDashboardPage (src/app/admin/page.tsx:51:21)
  49 |       orderBy: [{ eventYear: "asc" }, { eventDate: "asc" }]
  50 |     }),
> 51 |     db.notification.findMany({
     |                     ^
  52 |       orderBy: { createdAt: "desc" },
  53 |       take: 4,
  54 |     }), {
  digest: '691953623'
}
 GET /admin 500 in 228ms (next.js: 95ms, proxy.ts: 19ms, application-code: 114ms)
VENDETTA_DB_DIAG: Iniciando fetch de datos para el dashboard...
⨯ TypeError: Cannot read properties of undefined (reading 'findMany')
    at AdminDashboardPage (src/app/admin/page.tsx:51:21)
  49 |       orderBy: [{ eventYear: "asc" }, { eventDate: "asc" }]
  50 |     }),
> 51 |     db.notification.findMany({
     |                     ^
  52 |       orderBy: { createdAt: "desc" },
  53 |       take: 4,
  54 |     }), {
  digest: '691953623'
}
 GET /admin 500 in 53ms (next.js: 3ms, proxy.ts: 5ms, application-code: 45ms)
[browser] Uncaught TypeError: Cannot read properties of undefined (reading 'findMany')
    at AdminDashboardPage (src/app/admin/page.tsx:51:21)
  49 |       orderBy: [{ eventYear: "asc" }, { eventDate: "asc" }]
  50 |     }),
> 51 |     db.notification.findMany({
     |                     ^
  52 |       orderBy: { createdAt: "desc" },
  53 |       take: 4,
  54 |     }),
