
> vendetta-app@0.1.0 dev
> next dev -p 3005 -p 3005

â–˛ Next.js 16.2.2 (Turbopack)
- Local:         http://localhost:3005
- Network:       http://192.168.100.132:3005
- Environments: .env
âś“ Ready in 415ms
âš  `eslint` configuration in next.config.ts is no longer supported. See more info here: https://nextjs.org/docs/app/api-reference/cli/next#next-lint-options
âš  Invalid next.config.ts options detected: 
âš      Unrecognized key(s) in object: 'eslint'
âš  See more info here: https://nextjs.org/docs/messages/invalid-next-config

â—‹ Compiling /auth/login ...
 GET /auth/login 200 in 4.1s (next.js: 3.4s, proxy.ts: 187ms, application-code: 585ms)
đź“ˇ [DB RESCUE] Intentando conectar con: /Users/vonpeper/Documents/Antigravity/Vendetta/prisma/dev.db
âś… [DB RESCUE] Salud de datos: 29 Eventualidades, 3 Clientes encontrados.
 GET /admin/eventualidades 200 in 4.5s (next.js: 3.6s, proxy.ts: 191ms, application-code: 662ms)
 GET /auth/login 200 in 84ms (next.js: 18ms, proxy.ts: 7ms, application-code: 59ms)
 GET /auth/login 200 in 84ms (next.js: 10ms, proxy.ts: 13ms, application-code: 61ms)
 GET /auth/registro 404 in 584ms (next.js: 532ms, proxy.ts: 8ms, application-code: 44ms)
 GET /auth/registro 404 in 65ms (next.js: 8ms, proxy.ts: 11ms, application-code: 46ms)
 GET /auth/login 200 in 122ms (next.js: 4ms, proxy.ts: 5ms, application-code: 112ms)
đź”Ą Intento de login POST recibido para: admin@vendetta.com
[31m[auth][error][0m CredentialsSignin: Read more at https://errors.authjs.dev#credentialssignin
    at Module.callback (/Users/vonpeper/Documents/Antigravity/Vendetta/.next/dev/server/chunks/ssr/[root-of-the-server]__0jzonn~._.js:11707:30)
    at async AuthInternal (/Users/vonpeper/Documents/Antigravity/Vendetta/.next/dev/server/chunks/ssr/[root-of-the-server]__0jzonn~._.js:12541:24)
    at async Auth (/Users/vonpeper/Documents/Antigravity/Vendetta/.next/dev/server/chunks/ssr/[root-of-the-server]__0jzonn~._.js:12763:34)
    at async signIn (/Users/vonpeper/Documents/Antigravity/Vendetta/.next/dev/server/chunks/ssr/[root-of-the-server]__0jzonn~._.js:20982:17)
    at async loginAction (/Users/vonpeper/Documents/Antigravity/Vendetta/.next/dev/server/chunks/ssr/[root-of-the-server]__00j6m5f._.js:374:9)
    at async executeActionAndPrepareForRender (/Users/vonpeper/Documents/Antigravity/Vendetta/node_modules/next/dist/compiled/next-server/app-page-turbo.runtime.dev.js:64:5248)
    at async /Users/vonpeper/Documents/Antigravity/Vendetta/node_modules/next/dist/compiled/next-server/app-page-turbo.runtime.dev.js:64:1986
    at async handleAction (/Users/vonpeper/Documents/Antigravity/Vendetta/node_modules/next/dist/compiled/next-server/app-page-turbo.runtime.dev.js:62:25378)
    at async renderToHTMLOrFlightImpl (/Users/vonpeper/Documents/Antigravity/Vendetta/node_modules/next/dist/compiled/next-server/app-page-turbo.runtime.dev.js:69:55630)
    at async doRender (/Users/vonpeper/Documents/Antigravity/Vendetta/.next/dev/server/chunks/ssr/node_modules_0se_bxu._.js:4495:28)
    at async AppPageRouteModule.handleResponse (/Users/vonpeper/Documents/Antigravity/Vendetta/node_modules/next/dist/compiled/next-server/app-page-turbo.runtime.dev.js:71:63567)
    at async handleResponse (/Users/vonpeper/Documents/Antigravity/Vendetta/.next/dev/server/chunks/ssr/node_modules_0se_bxu._.js:4770:32)
    at async Module.handler (/Users/vonpeper/Documents/Antigravity/Vendetta/.next/dev/server/chunks/ssr/node_modules_0se_bxu._.js:5173:20)
    at async DevServer.renderToResponseWithComponentsImpl (/Users/vonpeper/Documents/Antigravity/Vendetta/node_modules/next/dist/server/base-server.js:1454:9)
    at async DevServer.renderPageComponent (/Users/vonpeper/Documents/Antigravity/Vendetta/node_modules/next/dist/server/base-server.js:1506:24)
    at async DevServer.renderToResponseImpl (/Users/vonpeper/Documents/Antigravity/Vendetta/node_modules/next/dist/server/base-server.js:1556:32)
    at async DevServer.pipeImpl (/Users/vonpeper/Documents/Antigravity/Vendetta/node_modules/next/dist/server/base-server.js:1043:25)
    at async NextNodeServer.handleCatchallRenderRequest (/Users/vonpeper/Documents/Antigravity/Vendetta/node_modules/next/dist/server/next-server.js:338:17)
    at async DevServer.handleRequestImpl (/Users/vonpeper/Documents/Antigravity/Vendetta/node_modules/next/dist/server/base-server.js:934:17)
    at async /Users/vonpeper/Documents/Antigravity/Vendetta/node_modules/next/dist/server/dev/next-dev-server.js:394:20
    at async Span.traceAsyncFn (/Users/vonpeper/Documents/Antigravity/Vendetta/node_modules/next/dist/trace/trace.js:164:20)
    at async DevServer.handleRequest (/Users/vonpeper/Documents/Antigravity/Vendetta/node_modules/next/dist/server/dev/next-dev-server.js:390:24)
    at async invokeRender (/Users/vonpeper/Documents/Antigravity/Vendetta/node_modules/next/dist/server/lib/router-server.js:266:21)
    at async handleRequest (/Users/vonpeper/Documents/Antigravity/Vendetta/node_modules/next/dist/server/lib/router-server.js:465:24)
    at async requestHandlerImpl (/Users/vonpeper/Documents/Antigravity/Vendetta/node_modules/next/dist/server/lib/router-server.js:514:13)
    at async Server.requestListener (/Users/vonpeper/Documents/Antigravity/Vendetta/node_modules/next/dist/server/lib/start-server.js:225:13)
đź”Ą ERROR EN SIGNIN: CredentialsSignin: Read more at https://errors.authjs.dev#credentialssignin
    at async loginAction (src/actions/auth.ts:13:5)
  11 |     console.log("đź”Ą Intento de login POST recibido para:", email)
  12 |
> 13 |     await signIn("credentials", { 
     |     ^
  14 |       email, 
  15 |       password, 
  16 |       redirectTo: "/admin"  {
  type: 'CredentialsSignin',
  kind: 'signIn',
  code: 'credentials'
}
 POST /auth/login 200 in 592ms (next.js: 12ms, proxy.ts: 15ms, application-code: 565ms)
  â””â”€ Ć’ loginAction(null, {}) in 513ms src/actions/auth.ts
 GET /auth/recuperar 404 in 60ms (next.js: 10ms, proxy.ts: 7ms, application-code: 43ms)
 GET /auth/recuperar 404 in 50ms (next.js: 7ms, proxy.ts: 8ms, application-code: 34ms)
 GET / 200 in 2.4s (next.js: 1420ms, proxy.ts: 25ms, application-code: 927ms)
 GET /status 200 in 1119ms (next.js: 915ms, proxy.ts: 11ms, application-code: 193ms)
 GET /api/users 404 in 72ms (next.js: 11ms, application-code: 61ms)
 GET /auth/login 200 in 89ms (next.js: 5ms, proxy.ts: 6ms, application-code: 78ms)
đź”Ą Intento de login POST recibido para: admin@gmail.com
[31m[auth][error][0m CredentialsSignin: Read more at https://errors.authjs.dev#credentialssignin
    at Module.callback (/Users/vonpeper/Documents/Antigravity/Vendetta/.next/dev/server/chunks/ssr/[root-of-the-server]__0jzonn~._.js:11707:30)
    at async AuthInternal (/Users/vonpeper/Documents/Antigravity/Vendetta/.next/dev/server/chunks/ssr/[root-of-the-server]__0jzonn~._.js:12541:24)
    at async Auth (/Users/vonpeper/Documents/Antigravity/Vendetta/.next/dev/server/chunks/ssr/[root-of-the-server]__0jzonn~._.js:12763:34)
    at async signIn (/Users/vonpeper/Documents/Antigravity/Vendetta/.next/dev/server/chunks/ssr/[root-of-the-server]__0jzonn~._.js:20982:17)
    at async loginAction (/Users/vonpeper/Documents/Antigravity/Vendetta/.next/dev/server/chunks/ssr/[root-of-the-server]__00j6m5f._.js:374:9)
    at async executeActionAndPrepareForRender (/Users/vonpeper/Documents/Antigravity/Vendetta/node_modules/next/dist/compiled/next-server/app-page-turbo.runtime.dev.js:64:5248)
    at async /Users/vonpeper/Documents/Antigravity/Vendetta/node_modules/next/dist/compiled/next-server/app-page-turbo.runtime.dev.js:64:1986
    at async handleAction (/Users/vonpeper/Documents/Antigravity/Vendetta/node_modules/next/dist/compiled/next-server/app-page-turbo.runtime.dev.js:62:25378)
    at async renderToHTMLOrFlightImpl (/Users/vonpeper/Documents/Antigravity/Vendetta/node_modules/next/dist/compiled/next-server/app-page-turbo.runtime.dev.js:69:55630)
    at async doRender (/Users/vonpeper/Documents/Antigravity/Vendetta/.next/dev/server/chunks/ssr/node_modules_0se_bxu._.js:4495:28)
    at async AppPageRouteModule.handleResponse (/Users/vonpeper/Documents/Antigravity/Vendetta/node_modules/next/dist/compiled/next-server/app-page-turbo.runtime.dev.js:71:63567)
    at async handleResponse (/Users/vonpeper/Documents/Antigravity/Vendetta/.next/dev/server/chunks/ssr/node_modules_0se_bxu._.js:4770:32)
    at async Module.handler (/Users/vonpeper/Documents/Antigravity/Vendetta/.next/dev/server/chunks/ssr/node_modules_0se_bxu._.js:5173:20)
    at async DevServer.renderToResponseWithComponentsImpl (/Users/vonpeper/Documents/Antigravity/Vendetta/node_modules/next/dist/server/base-server.js:1454:9)
    at async DevServer.renderPageComponent (/Users/vonpeper/Documents/Antigravity/Vendetta/node_modules/next/dist/server/base-server.js:1506:24)
    at async DevServer.renderToResponseImpl (/Users/vonpeper/Documents/Antigravity/Vendetta/node_modules/next/dist/server/base-server.js:1556:32)
    at async DevServer.pipeImpl (/Users/vonpeper/Documents/Antigravity/Vendetta/node_modules/next/dist/server/base-server.js:1043:25)
    at async NextNodeServer.handleCatchallRenderRequest (/Users/vonpeper/Documents/Antigravity/Vendetta/node_modules/next/dist/server/next-server.js:338:17)
    at async DevServer.handleRequestImpl (/Users/vonpeper/Documents/Antigravity/Vendetta/node_modules/next/dist/server/base-server.js:934:17)
    at async /Users/vonpeper/Documents/Antigravity/Vendetta/node_modules/next/dist/server/dev/next-dev-server.js:394:20
    at async Span.traceAsyncFn (/Users/vonpeper/Documents/Antigravity/Vendetta/node_modules/next/dist/trace/trace.js:164:20)
    at async DevServer.handleRequest (/Users/vonpeper/Documents/Antigravity/Vendetta/node_modules/next/dist/server/dev/next-dev-server.js:390:24)
    at async invokeRender (/Users/vonpeper/Documents/Antigravity/Vendetta/node_modules/next/dist/server/lib/router-server.js:266:21)
    at async handleRequest (/Users/vonpeper/Documents/Antigravity/Vendetta/node_modules/next/dist/server/lib/router-server.js:465:24)
    at async requestHandlerImpl (/Users/vonpeper/Documents/Antigravity/Vendetta/node_modules/next/dist/server/lib/router-server.js:514:13)
    at async Server.requestListener (/Users/vonpeper/Documents/Antigravity/Vendetta/node_modules/next/dist/server/lib/start-server.js:225:13)
đź”Ą ERROR EN SIGNIN: CredentialsSignin: Read more at https://errors.authjs.dev#credentialssignin
    at async loginAction (src/actions/auth.ts:13:5)
  11 |     console.log("đź”Ą Intento de login POST recibido para:", email)
  12 |
> 13 |     await signIn("credentials", { 
     |     ^
  14 |       email, 
  15 |       password, 
  16 |       redirectTo: "/admin"  {
  type: 'CredentialsSignin',
  kind: 'signIn',
  code: 'credentials'
}
 POST /auth/login 200 in 434ms (next.js: 24ms, proxy.ts: 15ms, application-code: 395ms)
  â””â”€ Ć’ loginAction(null, {}) in 373ms src/actions/auth.ts
 GET / 200 in 373ms (next.js: 4ms, proxy.ts: 3ms, application-code: 365ms)
 GET /status 200 in 76ms (next.js: 25ms, proxy.ts: 13ms, application-code: 38ms)
[browser] Detected `scroll-behavior: smooth` on the `<html>` element. To disable smooth scrolling during route transitions, add `data-scroll-behavior="smooth"` to your <html> element. Learn more: https://nextjs.org/docs/messages/missing-data-scroll-behavior
 GET /noticias 200 in 2.2s (next.js: 1910ms, proxy.ts: 16ms, application-code: 256ms)
 GET /auth/login 200 in 83ms (next.js: 7ms, proxy.ts: 8ms, application-code: 68ms)
đź”Ą Intento de login POST recibido para: admin@gmail.com
[31m[auth][error][0m CredentialsSignin: Read more at https://errors.authjs.dev#credentialssignin
    at Module.callback (/Users/vonpeper/Documents/Antigravity/Vendetta/.next/dev/server/chunks/ssr/[root-of-the-server]__0jzonn~._.js:11707:30)
    at async AuthInternal (/Users/vonpeper/Documents/Antigravity/Vendetta/.next/dev/server/chunks/ssr/[root-of-the-server]__0jzonn~._.js:12541:24)
    at async Auth (/Users/vonpeper/Documents/Antigravity/Vendetta/.next/dev/server/chunks/ssr/[root-of-the-server]__0jzonn~._.js:12763:34)
    at async signIn (/Users/vonpeper/Documents/Antigravity/Vendetta/.next/dev/server/chunks/ssr/[root-of-the-server]__0jzonn~._.js:20982:17)
    at async loginAction (/Users/vonpeper/Documents/Antigravity/Vendetta/.next/dev/server/chunks/ssr/[root-of-the-server]__00j6m5f._.js:374:9)
    at async executeActionAndPrepareForRender (/Users/vonpeper/Documents/Antigravity/Vendetta/node_modules/next/dist/compiled/next-server/app-page-turbo.runtime.dev.js:64:5248)
    at async /Users/vonpeper/Documents/Antigravity/Vendetta/node_modules/next/dist/compiled/next-server/app-page-turbo.runtime.dev.js:64:1986
    at async handleAction (/Users/vonpeper/Documents/Antigravity/Vendetta/node_modules/next/dist/compiled/next-server/app-page-turbo.runtime.dev.js:62:25378)
    at async renderToHTMLOrFlightImpl (/Users/vonpeper/Documents/Antigravity/Vendetta/node_modules/next/dist/compiled/next-server/app-page-turbo.runtime.dev.js:69:55630)
    at async doRender (/Users/vonpeper/Documents/Antigravity/Vendetta/.next/dev/server/chunks/ssr/node_modules_0se_bxu._.js:4495:28)
    at async AppPageRouteModule.handleResponse (/Users/vonpeper/Documents/Antigravity/Vendetta/node_modules/next/dist/compiled/next-server/app-page-turbo.runtime.dev.js:71:63567)
    at async handleResponse (/Users/vonpeper/Documents/Antigravity/Vendetta/.next/dev/server/chunks/ssr/node_modules_0se_bxu._.js:4770:32)
    at async Module.handler (/Users/vonpeper/Documents/Antigravity/Vendetta/.next/dev/server/chunks/ssr/node_modules_0se_bxu._.js:5173:20)
    at async DevServer.renderToResponseWithComponentsImpl (/Users/vonpeper/Documents/Antigravity/Vendetta/node_modules/next/dist/server/base-server.js:1454:9)
    at async DevServer.renderPageComponent (/Users/vonpeper/Documents/Antigravity/Vendetta/node_modules/next/dist/server/base-server.js:1506:24)
    at async DevServer.renderToResponseImpl (/Users/vonpeper/Documents/Antigravity/Vendetta/node_modules/next/dist/server/base-server.js:1556:32)
    at async DevServer.pipeImpl (/Users/vonpeper/Documents/Antigravity/Vendetta/node_modules/next/dist/server/base-server.js:1043:25)
    at async NextNodeServer.handleCatchallRenderRequest (/Users/vonpeper/Documents/Antigravity/Vendetta/node_modules/next/dist/server/next-server.js:338:17)
    at async DevServer.handleRequestImpl (/Users/vonpeper/Documents/Antigravity/Vendetta/node_modules/next/dist/server/base-server.js:934:17)
    at async /Users/vonpeper/Documents/Antigravity/Vendetta/node_modules/next/dist/server/dev/next-dev-server.js:394:20
    at async Span.traceAsyncFn (/Users/vonpeper/Documents/Antigravity/Vendetta/node_modules/next/dist/trace/trace.js:164:20)
    at async DevServer.handleRequest (/Users/vonpeper/Documents/Antigravity/Vendetta/node_modules/next/dist/server/dev/next-dev-server.js:390:24)
    at async invokeRender (/Users/vonpeper/Documents/Antigravity/Vendetta/node_modules/next/dist/server/lib/router-server.js:266:21)
    at async handleRequest (/Users/vonpeper/Documents/Antigravity/Vendetta/node_modules/next/dist/server/lib/router-server.js:465:24)
    at async requestHandlerImpl (/Users/vonpeper/Documents/Antigravity/Vendetta/node_modules/next/dist/server/lib/router-server.js:514:13)
    at async Server.requestListener (/Users/vonpeper/Documents/Antigravity/Vendetta/node_modules/next/dist/server/lib/start-server.js:225:13)
đź”Ą ERROR EN SIGNIN: CredentialsSignin: Read more at https://errors.authjs.dev#credentialssignin
    at async loginAction (src/actions/auth.ts:13:5)
  11 |     console.log("đź”Ą Intento de login POST recibido para:", email)
  12 |
> 13 |     await signIn("credentials", { 
     |     ^
  14 |       email, 
  15 |       password, 
  16 |       redirectTo: "/admin"  {
  type: 'CredentialsSignin',
  kind: 'signIn',
  code: 'credentials'
}
 POST /auth/login 200 in 820ms (next.js: 11ms, proxy.ts: 11ms, application-code: 798ms)
  â””â”€ Ć’ loginAction(null, {}) in 776ms src/actions/auth.ts
 GET /auth/login 200 in 330ms (next.js: 174ms, proxy.ts: 36ms, application-code: 120ms)
đź“ˇ [DB RESCUE] Intentando conectar con: /Users/vonpeper/Documents/Antigravity/Vendetta/prisma/dev.db
âś… [DB RESCUE] Salud de datos: 29 Eventualidades, 3 Clientes encontrados.
đź“ˇ [DB RESCUE] Intentando conectar con: /Users/vonpeper/Documents/Antigravity/Vendetta/prisma/dev.db
âś… [DB RESCUE] Salud de datos: 29 Eventualidades, 3 Clientes encontrados.
 GET /api/auth/session 200 in 1532ms (next.js: 1511ms, application-code: 21ms)
 GET / 200 in 337ms (next.js: 6ms, proxy.ts: 7ms, application-code: 324ms)
[browser] Image with src "/images/shows/mentiras.jpg" has "fill" but is missing "sizes" prop. Please add it to improve page performance. Read more: https://nextjs.org/docs/api-reference/next/image#sizes
 GET /api/auth/csrf 200 in 45ms (next.js: 28ms, application-code: 17ms)
đź“ˇ [DB RESCUE] Intentando conectar con: /Users/vonpeper/Documents/Antigravity/Vendetta/prisma/dev.db
âś… [DB RESCUE] Salud de datos: 29 Eventualidades, 3 Clientes encontrados.
 GET /auth/login 200 in 55ms (next.js: 5ms, proxy.ts: 4ms, application-code: 46ms)
 GET /api/events/count 404 in 108ms (next.js: 38ms, application-code: 69ms)
 GET /api/stats 404 in 46ms (next.js: 6ms, application-code: 39ms)
đź“ˇ [DB RESCUE] Intentando conectar con: /Users/vonpeper/Documents/Antigravity/Vendetta/prisma/dev.db
âś… [DB RESCUE] Salud de datos: 29 Eventualidades, 3 Clientes encontrados.
 GET /api/stats 404 in 1265ms (next.js: 841ms, application-code: 424ms)
 GET /auth/login 200 in 1326ms (next.js: 378ms, proxy.ts: 399ms, application-code: 549ms)
 GET /api/stats 404 in 377ms (next.js: 186ms, application-code: 191ms)
 GET /admin/eventualidades 200 in 1408ms (next.js: 113ms, proxy.ts: 938ms, application-code: 357ms)
 GET /auth/login 200 in 489ms (next.js: 170ms, proxy.ts: 26ms, application-code: 293ms)
 GET /api/stats 404 in 323ms (next.js: 73ms, application-code: 250ms)
 GET /auth/login 200 in 256ms (next.js: 15ms, proxy.ts: 40ms, application-code: 201ms)
 GET /admin/eventualidades 200 in 444ms (next.js: 20ms, proxy.ts: 241ms, application-code: 184ms)
 GET /auth/login 200 in 228ms (next.js: 57ms, proxy.ts: 22ms, application-code: 149ms)
 GET /auth/login 200 in 179ms (next.js: 18ms, proxy.ts: 26ms, application-code: 135ms)
 GET /admin/eventualidades 200 in 256ms (next.js: 11ms, proxy.ts: 145ms, application-code: 101ms)
 GET /auth/login 200 in 126ms (next.js: 34ms, proxy.ts: 15ms, application-code: 77ms)
 GET /auth/login 200 in 208ms (next.js: 6ms, proxy.ts: 10ms, application-code: 193ms)
 GET /admin/eventualidades 200 in 298ms (next.js: 9ms, proxy.ts: 79ms, application-code: 210ms)
 GET /auth/login 200 in 250ms (next.js: 24ms, proxy.ts: 18ms, application-code: 207ms)
 GET /auth/login 200 in 255ms (next.js: 14ms, proxy.ts: 18ms, application-code: 224ms)
 GET /auth/login 200 in 248ms (next.js: 36ms, proxy.ts: 16ms, application-code: 196ms)
 GET /admin/eventualidades 200 in 335ms (next.js: 91ms, proxy.ts: 104ms, application-code: 141ms)
 GET /auth/login 200 in 163ms (next.js: 13ms, proxy.ts: 12ms, application-code: 138ms)
 GET /auth/login 200 in 228ms (next.js: 12ms, proxy.ts: 14ms, application-code: 202ms)
 GET /admin/eventualidades 200 in 298ms (next.js: 25ms, proxy.ts: 90ms, application-code: 184ms)
 GET /auth/login 200 in 198ms (next.js: 10ms, proxy.ts: 12ms, application-code: 175ms)
 GET /auth/login 200 in 85ms (next.js: 7ms, proxy.ts: 7ms, application-code: 72ms)
 GET /admin/eventualidades 200 in 241ms (next.js: 16ms, proxy.ts: 148ms, application-code: 77ms)
 GET /auth/login 200 in 101ms (next.js: 7ms, proxy.ts: 28ms, application-code: 67ms)
 GET /auth/login 200 in 73ms (next.js: 5ms, proxy.ts: 5ms, application-code: 63ms)
 GET /admin/eventualidades 200 in 137ms (next.js: 3ms, proxy.ts: 56ms, application-code: 78ms)
 GET /auth/login 200 in 110ms (next.js: 4ms, proxy.ts: 20ms, application-code: 86ms)
 GET /auth/login 200 in 94ms (next.js: 5ms, proxy.ts: 5ms, application-code: 84ms)
 GET /admin/eventualidades 200 in 137ms (next.js: 5ms, proxy.ts: 67ms, application-code: 66ms)
 GET /auth/login 200 in 91ms (next.js: 4ms, proxy.ts: 23ms, application-code: 65ms)
 GET /auth/login 200 in 77ms (next.js: 4ms, proxy.ts: 4ms, application-code: 69ms)
 GET /admin/eventualidades 200 in 120ms (next.js: 4ms, proxy.ts: 49ms, application-code: 67ms)
 GET /auth/login 200 in 80ms (next.js: 21ms, proxy.ts: 7ms, application-code: 52ms)
 GET /auth/login 200 in 77ms (next.js: 4ms, proxy.ts: 5ms, application-code: 68ms)
 GET /admin/eventualidades 200 in 141ms (next.js: 5ms, proxy.ts: 51ms, application-code: 85ms)
 GET /auth/login 200 in 98ms (next.js: 19ms, proxy.ts: 6ms, application-code: 72ms)
 GET /auth/login 200 in 110ms (next.js: 4ms, proxy.ts: 6ms, application-code: 100ms)
 GET /auth/login 200 in 170ms (next.js: 7ms, proxy.ts: 18ms, application-code: 145ms)
 GET /admin/eventualidades 200 in 210ms (next.js: 22ms, proxy.ts: 57ms, application-code: 131ms)
 GET /auth/login 200 in 159ms (next.js: 5ms, proxy.ts: 7ms, application-code: 148ms)
 GET /auth/login 200 in 143ms (next.js: 15ms, proxy.ts: 41ms, application-code: 87ms)
 GET /admin/eventualidades 200 in 219ms (next.js: 23ms, proxy.ts: 112ms, application-code: 84ms)
 GET /auth/login 200 in 111ms (next.js: 6ms, proxy.ts: 24ms, application-code: 81ms)
 GET /auth/login 200 in 83ms (next.js: 5ms, proxy.ts: 6ms, application-code: 72ms)
 GET /admin/eventualidades 200 in 146ms (next.js: 4ms, proxy.ts: 67ms, application-code: 75ms)
 GET /auth/login 200 in 103ms (next.js: 4ms, proxy.ts: 21ms, application-code: 78ms)
 GET /auth/login 200 in 83ms (next.js: 9ms, proxy.ts: 6ms, application-code: 68ms)
 GET /admin/eventualidades 200 in 129ms (next.js: 4ms, proxy.ts: 60ms, application-code: 65ms)
 GET /auth/login 200 in 89ms (next.js: 5ms, proxy.ts: 21ms, application-code: 63ms)
 GET /auth/login 200 in 81ms (next.js: 4ms, proxy.ts: 5ms, application-code: 72ms)
 GET /admin/eventualidades 200 in 126ms (next.js: 4ms, proxy.ts: 49ms, application-code: 73ms)
 GET /auth/login 200 in 85ms (next.js: 20ms, proxy.ts: 6ms, application-code: 59ms)
 GET /auth/login 200 in 80ms (next.js: 6ms, proxy.ts: 6ms, application-code: 69ms)
 GET /admin/eventualidades 200 in 131ms (next.js: 5ms, proxy.ts: 59ms, application-code: 67ms)
 GET /auth/login 200 in 81ms (next.js: 20ms, proxy.ts: 9ms, application-code: 52ms)
 GET /auth/login 200 in 87ms (next.js: 2ms, proxy.ts: 7ms, application-code: 78ms)
 GET /admin/eventualidades 200 in 131ms (next.js: 23ms, proxy.ts: 35ms, application-code: 74ms)
 GET /auth/login 200 in 107ms (next.js: 5ms, proxy.ts: 7ms, application-code: 94ms)
 GET /auth/login 200 in 180ms (next.js: 6ms, proxy.ts: 7ms, application-code: 167ms)
 GET /auth/login 200 in 175ms (next.js: 15ms, proxy.ts: 12ms, application-code: 149ms)
 GET /admin/eventualidades 200 in 213ms (next.js: 60ms, proxy.ts: 56ms, application-code: 97ms)
 GET /auth/login 200 in 100ms (next.js: 4ms, proxy.ts: 11ms, application-code: 85ms)
 GET /auth/login 200 in 97ms (next.js: 9ms, proxy.ts: 6ms, application-code: 82ms)
 GET /admin/eventualidades 200 in 130ms (next.js: 24ms, proxy.ts: 43ms, application-code: 64ms)
 GET /auth/login 200 in 122ms (next.js: 5ms, proxy.ts: 35ms, application-code: 82ms)
 GET /auth/login 200 in 118ms (next.js: 6ms, proxy.ts: 5ms, application-code: 107ms)
 GET /admin/eventualidades 200 in 169ms (next.js: 3ms, proxy.ts: 57ms, application-code: 109ms)
 GET /auth/login 200 in 148ms (next.js: 9ms, proxy.ts: 33ms, application-code: 105ms)
 GET /auth/login 200 in 95ms (next.js: 3ms, proxy.ts: 8ms, application-code: 84ms)
 GET /admin/eventualidades 200 in 179ms (next.js: 7ms, proxy.ts: 83ms, application-code: 88ms)
 GET /auth/login 200 in 102ms (next.js: 6ms, proxy.ts: 32ms, application-code: 64ms)
 GET /auth/login 200 in 101ms (next.js: 9ms, proxy.ts: 9ms, application-code: 83ms)
 GET /admin/eventualidades 200 in 144ms (next.js: 6ms, proxy.ts: 65ms, application-code: 73ms)
 GET /auth/login 200 in 86ms (next.js: 26ms, proxy.ts: 7ms, application-code: 54ms)
 GET /auth/login 200 in 78ms (next.js: 6ms, proxy.ts: 5ms, application-code: 67ms)
 GET /admin/eventualidades 200 in 123ms (next.js: 5ms, proxy.ts: 54ms, application-code: 64ms)
 GET /auth/login 200 in 77ms (next.js: 24ms, proxy.ts: 7ms, application-code: 47ms)
 GET /auth/login 200 in 80ms (next.js: 3ms, proxy.ts: 6ms, application-code: 70ms)
 GET /admin/eventualidades 200 in 121ms (next.js: 4ms, proxy.ts: 47ms, application-code: 70ms)
 GET /auth/login 200 in 82ms (next.js: 25ms, proxy.ts: 7ms, application-code: 50ms)
 GET /auth/login 200 in 83ms (next.js: 4ms, proxy.ts: 10ms, application-code: 69ms)
 GET /auth/login 200 in 79ms (next.js: 3ms, proxy.ts: 6ms, application-code: 70ms)
 GET /admin/eventualidades 200 in 113ms (next.js: 17ms, proxy.ts: 38ms, application-code: 58ms)
 GET /auth/login 200 in 111ms (next.js: 6ms, proxy.ts: 7ms, application-code: 98ms)
 GET /auth/login 200 in 114ms (next.js: 9ms, proxy.ts: 5ms, application-code: 100ms)
 GET /admin/eventualidades 200 in 142ms (next.js: 34ms, proxy.ts: 36ms, application-code: 72ms)
 GET /auth/login 200 in 116ms (next.js: 5ms, proxy.ts: 18ms, application-code: 93ms)
 GET /auth/login 200 in 106ms (next.js: 10ms, proxy.ts: 6ms, application-code: 90ms)
 GET /admin/eventualidades 200 in 141ms (next.js: 26ms, proxy.ts: 48ms, application-code: 68ms)
 GET /auth/login 200 in 127ms (next.js: 5ms, proxy.ts: 38ms, application-code: 84ms)
 GET /auth/login 200 in 92ms (next.js: 6ms, proxy.ts: 5ms, application-code: 81ms)
 GET /admin/eventualidades 200 in 140ms (next.js: 5ms, proxy.ts: 64ms, application-code: 71ms)
 GET /auth/login 200 in 108ms (next.js: 8ms, proxy.ts: 27ms, application-code: 73ms)
 GET /auth/login 200 in 81ms (next.js: 4ms, proxy.ts: 4ms, application-code: 73ms)
 GET /admin/eventualidades 200 in 125ms (next.js: 5ms, proxy.ts: 51ms, application-code: 70ms)
 GET /auth/login 200 in 80ms (next.js: 30ms, proxy.ts: 6ms, application-code: 44ms)
 GET /auth/login 200 in 84ms (next.js: 4ms, proxy.ts: 6ms, application-code: 74ms)
 GET /admin/eventualidades 200 in 118ms (next.js: 4ms, proxy.ts: 45ms, application-code: 69ms)
 GET /auth/login 200 in 79ms (next.js: 22ms, proxy.ts: 5ms, application-code: 52ms)
 GET /auth/login 200 in 60ms (next.js: 5ms, proxy.ts: 8ms, application-code: 46ms)
 GET /admin/eventualidades 200 in 82ms (next.js: 2ms, proxy.ts: 40ms, application-code: 39ms)
 GET /admin/eventualidades 200 in 46ms (next.js: 3ms, proxy.ts: 19ms, application-code: 24ms)
 GET /admin/eventualidades 200 in 27ms (next.js: 1333Âµs, proxy.ts: 6ms, application-code: 20ms)
 GET /admin/eventualidades 200 in 32ms (next.js: 1394Âµs, proxy.ts: 7ms, application-code: 24ms)
 GET /admin/eventualidades 200 in 31ms (next.js: 1337Âµs, proxy.ts: 6ms, application-code: 23ms)
 GET /admin/eventualidades 200 in 30ms (next.js: 1366Âµs, proxy.ts: 7ms, application-code: 22ms)
 GET /admin/eventualidades 200 in 35ms (next.js: 2ms, proxy.ts: 7ms, application-code: 26ms)
 GET /admin/eventualidades 200 in 27ms (next.js: 1268Âµs, proxy.ts: 6ms, application-code: 19ms)
 GET /admin/eventualidades 200 in 33ms (next.js: 3ms, proxy.ts: 7ms, application-code: 23ms)
 GET /admin/eventualidades 200 in 36ms (next.js: 1313Âµs, proxy.ts: 8ms, application-code: 27ms)
 GET /admin/eventualidades 200 in 29ms (next.js: 1427Âµs, proxy.ts: 6ms, application-code: 21ms)
 GET /admin/eventualidades 200 in 37ms (next.js: 1814Âµs, proxy.ts: 7ms, application-code: 29ms)
 GET /admin/eventualidades 200 in 54ms (next.js: 3ms, proxy.ts: 8ms, application-code: 43ms)
 GET /admin/eventualidades 200 in 55ms (next.js: 3ms, proxy.ts: 15ms, application-code: 37ms)
 GET /admin/eventualidades 200 in 49ms (next.js: 3ms, proxy.ts: 10ms, application-code: 37ms)
 GET /admin/eventualidades 200 in 45ms (next.js: 2ms, proxy.ts: 14ms, application-code: 29ms)
 GET /admin/eventualidades 200 in 32ms (next.js: 2ms, proxy.ts: 7ms, application-code: 23ms)
 GET /admin/eventualidades 200 in 31ms (next.js: 1588Âµs, proxy.ts: 10ms, application-code: 20ms)
 GET /admin/eventualidades 200 in 38ms (next.js: 1350Âµs, proxy.ts: 7ms, application-code: 30ms)
 GET /admin/eventualidades 200 in 35ms (next.js: 3ms, proxy.ts: 10ms, application-code: 23ms)
 GET /admin/eventualidades 200 in 32ms (next.js: 3ms, proxy.ts: 6ms, application-code: 22ms)
 GET /admin/eventualidades 200 in 50ms (next.js: 1393Âµs, proxy.ts: 8ms, application-code: 41ms)
 GET /admin/eventualidades 200 in 36ms (next.js: 1992Âµs, proxy.ts: 11ms, application-code: 23ms)
 GET /admin/eventualidades 200 in 35ms (next.js: 1808Âµs, proxy.ts: 7ms, application-code: 26ms)
 GET /admin/eventualidades 200 in 65ms (next.js: 3ms, proxy.ts: 10ms, application-code: 52ms)
 GET /admin/eventualidades 200 in 40ms (next.js: 2ms, proxy.ts: 13ms, application-code: 25ms)
 GET /admin/eventualidades 200 in 31ms (next.js: 1630Âµs, proxy.ts: 8ms, application-code: 22ms)
 GET /admin/eventualidades 200 in 34ms (next.js: 1385Âµs, proxy.ts: 8ms, application-code: 25ms)
 GET /admin/eventualidades 200 in 32ms (next.js: 1380Âµs, proxy.ts: 8ms, application-code: 23ms)
 GET /admin/eventualidades 200 in 34ms (next.js: 1415Âµs, proxy.ts: 9ms, application-code: 24ms)
 GET /admin/eventualidades 200 in 34ms (next.js: 1436Âµs, proxy.ts: 8ms, application-code: 24ms)
 GET /admin/eventualidades 200 in 31ms (next.js: 1463Âµs, proxy.ts: 7ms, application-code: 22ms)
 GET /admin/eventualidades 200 in 33ms (next.js: 1627Âµs, proxy.ts: 7ms, application-code: 25ms)
 GET /admin/eventualidades 200 in 33ms (next.js: 1590Âµs, proxy.ts: 10ms, application-code: 21ms)
 GET /admin/eventualidades 200 in 25ms (next.js: 1374Âµs, proxy.ts: 6ms, application-code: 18ms)
 GET /admin/eventualidades 200 in 23ms (next.js: 1405Âµs, proxy.ts: 6ms, application-code: 15ms)
đź“ˇ [DB RESCUE] Intentando conectar con: /Users/vonpeper/Documents/Antigravity/Vendetta/prisma/dev.db
âś… [DB RESCUE] Salud de datos: 29 Eventualidades, 3 Clientes encontrados.
 GET /api/rescue-check 200 in 246ms (next.js: 238ms, application-code: 8ms)
VENDETTA_DB_DIAG: Iniciando fetch de datos para el dashboard...
 GET /admin 200 in 848ms (next.js: 459ms, proxy.ts: 47ms, application-code: 342ms)
 GET /admin/eventualidades 200 in 77ms (next.js: 8ms, proxy.ts: 16ms, application-code: 53ms)
[browser] Detected `scroll-behavior: smooth` on the `<html>` element. To disable smooth scrolling during route transitions, add `data-scroll-behavior="smooth"` to your <html> element. Learn more: https://nextjs.org/docs/messages/missing-data-scroll-behavior
 GET /admin/clientes 200 in 693ms (next.js: 629ms, proxy.ts: 12ms, application-code: 52ms)
â¨Ż TypeError: {imported module ./src/lib/db.ts}.db.$queryRawUnsafe is not a function
    at AdminEventosPage (src/app/admin/eventos/page.tsx:37:8)
  35 |       orderBy: { user: { name: "asc" } }
  36 |     }),
> 37 |     db.$queryRawUnsafe<any[]>(`SELECT * FROM Location ORDER BY name ASC`),
     |        ^
  38 |     db.package.findMany({ orderBy: { name: "asc" } }),
  39 |   ])
  40 | {
  digest: '229517129'
}
 GET /admin/eventos 200 in 729ms (next.js: 643ms, proxy.ts: 39ms, application-code: 47ms)
[browser] Uncaught TypeError: __TURBOPACK__imported__module__$5b$project$5d2f$src$2f$lib$2f$db$2e$ts__$5b$app$2d$rsc$5d$__$28$ecmascript$29$__.db.$queryRawUnsafe is not a function
    at AdminEventosPage (src/app/admin/eventos/page.tsx:37:8)
  35 |       orderBy: { user: { name: "asc" } }
  36 |     }),
> 37 |     db.$queryRawUnsafe<any[]>(`SELECT * FROM Location ORDER BY name ASC`),
     |        ^
  38 |     db.package.findMany({ orderBy: { name: "asc" } }),
  39 |   ])
  40 |
VENDETTA_DB_DIAG: Iniciando fetch de datos para el dashboard...
 GET /admin 200 in 113ms (next.js: 4ms, proxy.ts: 45ms, application-code: 64ms)
 GET /admin/clientes 200 in 28ms (next.js: 5ms, proxy.ts: 8ms, application-code: 15ms)
[browser] Detected `scroll-behavior: smooth` on the `<html>` element. To disable smooth scrolling during route transitions, add `data-scroll-behavior="smooth"` to your <html> element. Learn more: https://nextjs.org/docs/messages/missing-data-scroll-behavior
â¨Ż TypeError: {imported module ./src/lib/db.ts}.db.bookingRequest.updateMany is not a function
    at AdminVentasPage (src/app/admin/ventas/page.tsx:32:27)
  30 |
  31 |   // 1. Saneamiento automĂˇtico
> 32 |   await db.bookingRequest.updateMany({
     |                           ^
  33 |     where: { status: "pending", createdAt: { lt: expirationThreshold } },
  34 |     data: { status: "EXPIRED" }
  35 |   }) {
  digest: '1273358671'
}
 GET /admin/ventas 200 in 758ms (next.js: 698ms, proxy.ts: 6ms, application-code: 53ms)
[browser] Uncaught TypeError: __TURBOPACK__imported__module__$5b$project$5d2f$src$2f$lib$2f$db$2e$ts__$5b$app$2d$rsc$5d$__$28$ecmascript$29$__.db.bookingRequest.updateMany is not a function
    at AdminVentasPage (src/app/admin/ventas/page.tsx:32:27)
  30 |
  31 |   // 1. Saneamiento automĂˇtico
> 32 |   await db.bookingRequest.updateMany({
     |                           ^
  33 |     where: { status: "pending", createdAt: { lt: expirationThreshold } },
  34 |     data: { status: "EXPIRED" }
  35 |   })
 GET /api/rescue-check 200 in 42ms (next.js: 24ms, application-code: 18ms)
 GET /auth/login 200 in 204ms (next.js: 13ms, proxy.ts: 4ms, application-code: 187ms)
đź”Ą Intento de login POST recibido para: admin@vendetta.com
[31m[auth][error][0m CredentialsSignin: Read more at https://errors.authjs.dev#credentialssignin
    at Module.callback (/Users/vonpeper/Documents/Antigravity/Vendetta/.next/dev/server/chunks/ssr/[root-of-the-server]__0jzonn~._.js:11707:30)
    at async AuthInternal (/Users/vonpeper/Documents/Antigravity/Vendetta/.next/dev/server/chunks/ssr/[root-of-the-server]__0jzonn~._.js:12541:24)
    at async Auth (/Users/vonpeper/Documents/Antigravity/Vendetta/.next/dev/server/chunks/ssr/[root-of-the-server]__0jzonn~._.js:12763:34)
    at async signIn (/Users/vonpeper/Documents/Antigravity/Vendetta/.next/dev/server/chunks/ssr/[root-of-the-server]__0jzonn~._.js:20982:17)
    at async loginAction (/Users/vonpeper/Documents/Antigravity/Vendetta/.next/dev/server/chunks/ssr/[root-of-the-server]__00j6m5f._.js:374:9)
    at async executeActionAndPrepareForRender (/Users/vonpeper/Documents/Antigravity/Vendetta/node_modules/next/dist/compiled/next-server/app-page-turbo.runtime.dev.js:64:5248)
    at async /Users/vonpeper/Documents/Antigravity/Vendetta/node_modules/next/dist/compiled/next-server/app-page-turbo.runtime.dev.js:64:1986
    at async handleAction (/Users/vonpeper/Documents/Antigravity/Vendetta/node_modules/next/dist/compiled/next-server/app-page-turbo.runtime.dev.js:62:25378)
    at async renderToHTMLOrFlightImpl (/Users/vonpeper/Documents/Antigravity/Vendetta/node_modules/next/dist/compiled/next-server/app-page-turbo.runtime.dev.js:69:55630)
    at async doRender (/Users/vonpeper/Documents/Antigravity/Vendetta/.next/dev/server/chunks/ssr/node_modules_0se_bxu._.js:4495:28)
    at async AppPageRouteModule.handleResponse (/Users/vonpeper/Documents/Antigravity/Vendetta/node_modules/next/dist/compiled/next-server/app-page-turbo.runtime.dev.js:71:63567)
    at async handleResponse (/Users/vonpeper/Documents/Antigravity/Vendetta/.next/dev/server/chunks/ssr/node_modules_0se_bxu._.js:4770:32)
    at async Module.handler (/Users/vonpeper/Documents/Antigravity/Vendetta/.next/dev/server/chunks/ssr/node_modules_0se_bxu._.js:5173:20)
    at async DevServer.renderToResponseWithComponentsImpl (/Users/vonpeper/Documents/Antigravity/Vendetta/node_modules/next/dist/server/base-server.js:1454:9)
    at async DevServer.renderPageComponent (/Users/vonpeper/Documents/Antigravity/Vendetta/node_modules/next/dist/server/base-server.js:1506:24)
    at async DevServer.renderToResponseImpl (/Users/vonpeper/Documents/Antigravity/Vendetta/node_modules/next/dist/server/base-server.js:1556:32)
    at async DevServer.pipeImpl (/Users/vonpeper/Documents/Antigravity/Vendetta/node_modules/next/dist/server/base-server.js:1043:25)
    at async NextNodeServer.handleCatchallRenderRequest (/Users/vonpeper/Documents/Antigravity/Vendetta/node_modules/next/dist/server/next-server.js:338:17)
    at async DevServer.handleRequestImpl (/Users/vonpeper/Documents/Antigravity/Vendetta/node_modules/next/dist/server/base-server.js:934:17)
    at async /Users/vonpeper/Documents/Antigravity/Vendetta/node_modules/next/dist/server/dev/next-dev-server.js:394:20
    at async Span.traceAsyncFn (/Users/vonpeper/Documents/Antigravity/Vendetta/node_modules/next/dist/trace/trace.js:164:20)
    at async DevServer.handleRequest (/Users/vonpeper/Documents/Antigravity/Vendetta/node_modules/next/dist/server/dev/next-dev-server.js:390:24)
    at async invokeRender (/Users/vonpeper/Documents/Antigravity/Vendetta/node_modules/next/dist/server/lib/router-server.js:266:21)
    at async handleRequest (/Users/vonpeper/Documents/Antigravity/Vendetta/node_modules/next/dist/server/lib/router-server.js:465:24)
    at async requestHandlerImpl (/Users/vonpeper/Documents/Antigravity/Vendetta/node_modules/next/dist/server/lib/router-server.js:514:13)
    at async Server.requestListener (/Users/vonpeper/Documents/Antigravity/Vendetta/node_modules/next/dist/server/lib/start-server.js:225:13)
đź”Ą ERROR EN SIGNIN: CredentialsSignin: Read more at https://errors.authjs.dev#credentialssignin
    at async loginAction (src/actions/auth.ts:13:5)
  11 |     console.log("đź”Ą Intento de login POST recibido para:", email)
  12 |
> 13 |     await signIn("credentials", { 
     |     ^
  14 |       email, 
  15 |       password, 
  16 |       redirectTo: "/admin"  {
  type: 'CredentialsSignin',
  kind: 'signIn',
  code: 'credentials'
}
 POST /auth/login 200 in 654ms (next.js: 41ms, proxy.ts: 42ms, application-code: 570ms)
  â””â”€ Ć’ loginAction(null, {}) in 453ms src/actions/auth.ts
âś“ Compiled in 312ms
â¨Ż TypeError: {imported module ./src/lib/db.ts}.db.bookingRequest.updateMany is not a function
    at AdminVentasPage (src/app/admin/ventas/page.tsx:32:27)
  30 |
  31 |   // 1. Saneamiento automĂˇtico
> 32 |   await db.bookingRequest.updateMany({
     |                           ^
  33 |     where: { status: "pending", createdAt: { lt: expirationThreshold } },
  34 |     data: { status: "EXPIRED" }
  35 |   }) {
  digest: '1273358671'
}
 GET /auth/login 200 in 408ms (next.js: 27ms, proxy.ts: 48ms, application-code: 334ms)
 GET /auth/login 200 in 390ms (next.js: 8ms, proxy.ts: 11ms, application-code: 371ms)
 GET /admin/eventualidades 200 in 535ms (next.js: 34ms, proxy.ts: 151ms, application-code: 349ms)
 GET /admin/ventas 500 in 592ms (next.js: 120ms, proxy.ts: 151ms, application-code: 320ms)
 GET /auth/login 200 in 320ms (next.js: 18ms, proxy.ts: 44ms, application-code: 257ms)
 GET /auth/login 200 in 270ms (next.js: 18ms, proxy.ts: 27ms, application-code: 225ms)
 GET /admin/eventualidades 200 in 420ms (next.js: 60ms, proxy.ts: 168ms, application-code: 192ms)
[browser] Uncaught TypeError: __TURBOPACK__imported__module__$5b$project$5d2f$src$2f$lib$2f$db$2e$ts__$5b$app$2d$rsc$5d$__$28$ecmascript$29$__.db.bookingRequest.updateMany is not a function
    at AdminVentasPage (src/app/admin/ventas/page.tsx:29:76)
  27 | export default async function AdminVentasPage() {
  28 |   const now = new Date()
> 29 |   const expirationThreshold = new Date(now.getTime() - 15 * 24 * 60 * 60 * 1000)
     |                                                                            ^
  30 |
  31 |   // 1. Saneamiento automĂˇtico
  32 |   await db.bookingRequest.updateMany({
 GET /auth/login 200 in 269ms (next.js: 24ms, proxy.ts: 82ms, application-code: 164ms)
 GET /auth/login 200 in 172ms (next.js: 22ms, proxy.ts: 41ms, application-code: 109ms)
 GET /admin/eventualidades 200 in 264ms (next.js: 5ms, proxy.ts: 160ms, application-code: 100ms)
 GET /auth/login 200 in 133ms (next.js: 13ms, proxy.ts: 33ms, application-code: 87ms)
 GET /auth/login 200 in 101ms (next.js: 11ms, proxy.ts: 5ms, application-code: 85ms)
 GET /admin/eventualidades 200 in 192ms (next.js: 6ms, proxy.ts: 73ms, application-code: 113ms)
 GET /auth/login 200 in 128ms (next.js: 24ms, proxy.ts: 10ms, application-code: 94ms)
 GET /auth/login 200 in 133ms (next.js: 27ms, proxy.ts: 13ms, application-code: 93ms)
 GET /admin/eventualidades 200 in 178ms (next.js: 4ms, proxy.ts: 94ms, application-code: 80ms)
 GET /auth/login 200 in 93ms (next.js: 25ms, proxy.ts: 8ms, application-code: 61ms)
 GET /auth/login 200 in 93ms (next.js: 5ms, proxy.ts: 5ms, application-code: 82ms)
 GET /auth/login 200 in 105ms (next.js: 25ms, proxy.ts: 10ms, application-code: 70ms)
 GET /admin/eventualidades 200 in 135ms (next.js: 3ms, proxy.ts: 38ms, application-code: 94ms)
 GET /auth/login 200 in 87ms (next.js: 8ms, proxy.ts: 8ms, application-code: 72ms)
 GET /admin/eventualidades 200 in 131ms (next.js: 7ms, proxy.ts: 53ms, application-code: 71ms)
