
> vendetta-app@0.1.0 dev
> next dev -p 3005 -p 3005

▲ Next.js 16.2.2 (Turbopack)
- Local:         http://localhost:3005
- Network:       http://192.168.100.34:3005
- Environments: .env
✓ Ready in 329ms
⚠ `eslint` configuration in next.config.ts is no longer supported. See more info here: https://nextjs.org/docs/app/api-reference/cli/next#next-lint-options
⚠ Invalid next.config.ts options detected: 
⚠     Unrecognized key(s) in object: 'eslint'
⚠ See more info here: https://nextjs.org/docs/messages/invalid-next-config

⨯ ReferenceError: formatDateMX is not defined
    at <unknown> (src/app/admin/ventas/page.tsx:175:17)
    at Array.map (<anonymous>)
    at ContratosGrid (src/app/admin/ventas/page.tsx:159:14)
  173 |             <div className="space-y-1.5">
  174 |               <div className="flex items-center gap-2 text-xs text-gray-300">
> 175 |                 <Calendar className="w-3 h-3 text-muted-foreground" /> {formatDateMX(c.re...
      |                 ^
  176 |               </div>
  177 |               <div className="flex items-center gap-2 text-xs text-gray-300">
  178 |                 <Clock className="w-3 h-3 text-muted-foreground" /> {c.startTime} a {c.en... {
  digest: '4095833609'
}
 GET /admin/ventas 200 in 3.6s (next.js: 2.5s, proxy.ts: 162ms, application-code: 907ms)
❌ [DB findMany Error ClientProfile]: SQLITE_ERROR: no such column: user
 GET /admin/clientes 200 in 1108ms (next.js: 880ms, proxy.ts: 18ms, application-code: 210ms)
 GET /api/rescue-check 200 in 624ms (next.js: 604ms, application-code: 20ms)
❌ [DB findMany Error ClientProfile]: SQLITE_ERROR: no such column: user
 GET /admin/clientes 200 in 189ms (next.js: 9ms, proxy.ts: 26ms, application-code: 154ms)
❌ [DB findMany Error ClientProfile]: SQLITE_ERROR: no such column: user
 GET /admin/eventos 200 in 1397ms (next.js: 966ms, proxy.ts: 29ms, application-code: 402ms)
❌ [DB findMany Error ClientProfile]: SQLITE_ERROR: no such column: user
 GET /admin/clientes 200 in 209ms (next.js: 7ms, proxy.ts: 14ms, application-code: 188ms)
❌ [DB findMany Error ClientProfile]: SQLITE_ERROR: no such column: user
 GET /admin/eventos 200 in 283ms (next.js: 8ms, proxy.ts: 18ms, application-code: 257ms)
❌ [DB findMany Error ClientProfile]: SQLITE_ERROR: no such column: user
 POST /admin/eventos 200 in 281ms (next.js: 10ms, proxy.ts: 55ms, application-code: 216ms)
  └─ ƒ notifyEventAction("c0c6c348-bbe7-4676-9c98-275a94ea27eb") in 8ms src/actions/events.ts
⨯ ReferenceError: formatDateMX is not defined
    at <unknown> (src/app/admin/ventas/page.tsx:175:17)
    at Array.map (<anonymous>)
    at ContratosGrid (src/app/admin/ventas/page.tsx:159:14)
  173 |             <div className="space-y-1.5">
  174 |               <div className="flex items-center gap-2 text-xs text-gray-300">
> 175 |                 <Calendar className="w-3 h-3 text-muted-foreground" /> {formatDateMX(c.re...
      |                 ^
  176 |               </div>
  177 |               <div className="flex items-center gap-2 text-xs text-gray-300">
  178 |                 <Clock className="w-3 h-3 text-muted-foreground" /> {c.startTime} a {c.en... {
  digest: '4095833609'
}
 GET /admin/ventas 200 in 330ms (next.js: 18ms, proxy.ts: 39ms, application-code: 274ms)
[browser] Uncaught ReferenceError: formatDateMX is not defined
    at <anonymous> (src/app/admin/ventas/page.tsx:175:17)
    at Array.map (<anonymous>:1:18)
    at ContratosGrid (src/app/admin/ventas/page.tsx:159:14)
    at TabsContent (src/components/ui/tabs.tsx:74:5)
    at AdminVentasPage (src/app/admin/ventas/page.tsx:142:9)
  173 |             <div className="space-y-1.5">
  174 |               <div className="flex items-center gap-2 text-xs text-gray-300">
> 175 |                 <Calendar className="w-3 h-3 text-muted-foreground" /> {formatDateMX(c.re...
      |                 ^
  176 |               </div>
  177 |               <div className="flex items-center gap-2 text-xs text-gray-300">
  178 |                 <Clock className="w-3 h-3 text-muted-foreground" /> {c.startTime} a {c.en...
 GET /admin/eventualidades 200 in 2.3s (next.js: 1854ms, proxy.ts: 56ms, application-code: 407ms)
🚀 [V2_NUCLEAR_SUCCESS] GET /api/admin/locations: Recompilation Verified.
 GET /api/admin/locations 200 in 764ms (next.js: 702ms, application-code: 61ms)
🚀 [V2_NUCLEAR_SUCCESS] GET /api/admin/locations: Recompilation Verified.
 GET /api/admin/locations 200 in 17ms (next.js: 6ms, application-code: 11ms)
 POST /admin/eventualidades 200 in 332ms (next.js: 13ms, proxy.ts: 55ms, application-code: 264ms)
  └─ ƒ updateBandEventAction(null, {}) in 47ms src/actions/band-events.ts
✓ Compiled in 822ms
 GET /admin/eventualidades 200 in 378ms (next.js: 12ms, proxy.ts: 74ms, application-code: 292ms)
 GET /admin/ventas 200 in 396ms (next.js: 135ms, proxy.ts: 40ms, application-code: 220ms)
🚀 [V2_NUCLEAR_SUCCESS] GET /api/admin/locations: Recompilation Verified.
 GET /api/admin/locations 200 in 19ms (next.js: 8ms, application-code: 10ms)
🚀 [V2_NUCLEAR_SUCCESS] GET /api/admin/locations: Recompilation Verified.
 GET /api/admin/locations 200 in 26ms (next.js: 11ms, application-code: 14ms)
✓ Compiled in 266ms
 GET /admin/eventualidades 200 in 316ms (next.js: 124ms, proxy.ts: 56ms, application-code: 136ms)
 GET /admin/ventas 200 in 417ms (next.js: 9ms, proxy.ts: 31ms, application-code: 377ms)
 GET /admin/eventualidades 200 in 187ms (next.js: 68ms, proxy.ts: 43ms, application-code: 76ms)
 GET /admin/ventas 200 in 285ms (next.js: 16ms, proxy.ts: 37ms, application-code: 232ms)
 GET /admin/eventualidades 200 in 192ms (next.js: 41ms, proxy.ts: 29ms, application-code: 122ms)
 GET /admin/ventas 200 in 233ms (next.js: 12ms, proxy.ts: 25ms, application-code: 196ms)
 GET /admin/eventualidades 200 in 118ms (next.js: 9ms, proxy.ts: 73ms, application-code: 36ms)
 GET /admin/ventas 200 in 171ms (next.js: 3ms, proxy.ts: 87ms, application-code: 82ms)
