
> vendetta-app@0.1.0 dev
> next dev -p 3005 -p 3005

▲ Next.js 16.2.2 (Turbopack)
- Local:         http://localhost:3005
- Network:       http://192.168.100.34:3005
- Environments: .env
✓ Ready in 388ms
⚠ `eslint` configuration in next.config.ts is no longer supported. See more info here: https://nextjs.org/docs/app/api-reference/cli/next#next-lint-options
⚠ Invalid next.config.ts options detected: 
⚠     Unrecognized key(s) in object: 'eslint'
⚠ See more info here: https://nextjs.org/docs/messages/invalid-next-config

 GET /auth/login 404 in 1311ms (next.js: 1038ms, application-code: 273ms)
 GET /admin/eventualidades 404 in 1374ms (next.js: 1134ms, application-code: 240ms)
 GET /admin/ventas 404 in 1473ms (next.js: 1243ms, application-code: 230ms)
 GET /admin/ventas 404 in 69ms (next.js: 21ms, application-code: 47ms)
 GET /admin/centro-ventas 404 in 39ms (next.js: 5ms, application-code: 34ms)
 GET /admin 404 in 80ms (next.js: 32ms, application-code: 48ms)
 GET /api/rescue-check 404 in 41ms (next.js: 10ms, application-code: 31ms)
 GET /api/rescue-check 404 in 96ms (next.js: 6ms, application-code: 89ms)
 GET / 404 in 2.4s (next.js: 2.4s, application-code: 67ms)
 GET /admin 404 in 52ms (next.js: 10ms, application-code: 42ms)
 GET / 404 in 76ms (next.js: 15ms, application-code: 60ms)
 GET /admin 404 in 86ms (next.js: 18ms, application-code: 67ms)
 GET /admin/ventas 404 in 67ms (next.js: 22ms, application-code: 45ms)
 GET /auth/login 404 in 82ms (next.js: 37ms, application-code: 45ms)
 GET /admin 404 in 130ms (next.js: 47ms, application-code: 83ms)
 GET /admin/ventas 404 in 130ms (next.js: 17ms, application-code: 114ms)
 GET /admin/eventos 404 in 158ms (next.js: 102ms, application-code: 56ms)
 GET /dashboard 404 in 73ms (next.js: 7ms, application-code: 66ms)
 GET /auth/login 404 in 93ms (next.js: 51ms, application-code: 42ms)
 GET /admin/ventas 404 in 75ms (next.js: 32ms, application-code: 44ms)
